<?xml version="1.0" encoding="UTF-8"?>
<testsuite xmlns:xsi="http://www.w3.org/2001/XMLSchema-instance" xsi:noNamespaceSchemaLocation="https://maven.apache.org/surefire/maven-surefire-plugin/xsd/surefire-test-report.xsd" version="3.0.2" name="TestSuite" time="138.972" tests="12" errors="0" skipped="0" failures="0">
  <properties>
    <property name="java.specification.version" value="17"/>
    <property name="sun.jnu.encoding" value="UTF-8"/>
    <property name="java.class.path" value="/Users/dj/.m2/repository/org/apache/maven/surefire/surefire-booter/3.5.0/surefire-booter-3.5.0.jar:/Users/dj/.m2/repository/org/apache/maven/surefire/surefire-api/3.5.0/surefire-api-3.5.0.jar:/Users/dj/.m2/repository/org/apache/maven/surefire/surefire-extensions-spi/3.5.0/surefire-extensions-spi-3.5.0.jar:/Users/dj/.m2/repository/org/apache/maven/surefire/surefire-shared-utils/3.5.0/surefire-shared-utils-3.5.0.jar:/Users/dj/.m2/repository/org/apache/maven/surefire/surefire-logger-api/3.5.0/surefire-logger-api-3.5.0.jar:/Users/dj/Desktop/GitRepo/Sweet2Neat/Testing/project2-testing/target/test-classes:/Users/dj/Desktop/GitRepo/Sweet2Neat/Testing/project2-testing/target/classes:/Users/dj/.m2/repository/org/seleniumhq/selenium/selenium-java/4.23.1/selenium-java-4.23.1.jar:/Users/dj/.m2/repository/org/seleniumhq/selenium/selenium-api/4.23.1/selenium-api-4.23.1.jar:/Users/dj/.m2/repository/org/seleniumhq/selenium/selenium-chrome-driver/4.23.1/selenium-chrome-driver-4.23.1.jar:/Users/dj/.m2/repository/com/google/auto/service/auto-service-annotations/1.1.1/auto-service-annotations-1.1.1.jar:/Users/dj/.m2/repository/org/seleniumhq/selenium/selenium-chromium-driver/4.23.1/selenium-chromium-driver-4.23.1.jar:/Users/dj/.m2/repository/org/seleniumhq/selenium/selenium-json/4.23.1/selenium-json-4.23.1.jar:/Users/dj/.m2/repository/org/seleniumhq/selenium/selenium-manager/4.23.1/selenium-manager-4.23.1.jar:/Users/dj/.m2/repository/org/seleniumhq/selenium/selenium-devtools-v125/4.23.1/selenium-devtools-v125-4.23.1.jar:/Users/dj/.m2/repository/org/seleniumhq/selenium/selenium-devtools-v126/4.23.1/selenium-devtools-v126-4.23.1.jar:/Users/dj/.m2/repository/org/seleniumhq/selenium/selenium-devtools-v127/4.23.1/selenium-devtools-v127-4.23.1.jar:/Users/dj/.m2/repository/org/seleniumhq/selenium/selenium-devtools-v85/4.23.1/selenium-devtools-v85-4.23.1.jar:/Users/dj/.m2/repository/org/seleniumhq/selenium/selenium-edge-driver/4.23.1/selenium-edge-driver-4.23.1.jar:/Users/dj/.m2/repository/org/seleniumhq/selenium/selenium-firefox-driver/4.23.1/selenium-firefox-driver-4.23.1.jar:/Users/dj/.m2/repository/org/seleniumhq/selenium/selenium-http/4.23.1/selenium-http-4.23.1.jar:/Users/dj/.m2/repository/dev/failsafe/failsafe/3.3.2/failsafe-3.3.2.jar:/Users/dj/.m2/repository/org/seleniumhq/selenium/selenium-ie-driver/4.23.1/selenium-ie-driver-4.23.1.jar:/Users/dj/.m2/repository/org/seleniumhq/selenium/selenium-remote-driver/4.23.1/selenium-remote-driver-4.23.1.jar:/Users/dj/.m2/repository/com/google/guava/guava/33.2.1-jre/guava-33.2.1-jre.jar:/Users/dj/.m2/repository/com/google/guava/failureaccess/1.0.2/failureaccess-1.0.2.jar:/Users/dj/.m2/repository/com/google/guava/listenablefuture/9999.0-empty-to-avoid-conflict-with-guava/listenablefuture-9999.0-empty-to-avoid-conflict-with-guava.jar:/Users/dj/.m2/repository/com/google/code/findbugs/jsr305/3.0.2/jsr305-3.0.2.jar:/Users/dj/.m2/repository/org/checkerframework/checker-qual/3.42.0/checker-qual-3.42.0.jar:/Users/dj/.m2/repository/com/google/errorprone/error_prone_annotations/2.26.1/error_prone_annotations-2.26.1.jar:/Users/dj/.m2/repository/com/google/j2objc/j2objc-annotations/3.0.0/j2objc-annotations-3.0.0.jar:/Users/dj/.m2/repository/io/opentelemetry/semconv/opentelemetry-semconv/1.25.0-alpha/opentelemetry-semconv-1.25.0-alpha.jar:/Users/dj/.m2/repository/io/opentelemetry/opentelemetry-api/1.40.0/opentelemetry-api-1.40.0.jar:/Users/dj/.m2/repository/io/opentelemetry/opentelemetry-context/1.40.0/opentelemetry-context-1.40.0.jar:/Users/dj/.m2/repository/io/opentelemetry/opentelemetry-exporter-logging/1.40.0/opentelemetry-exporter-logging-1.40.0.jar:/Users/dj/.m2/repository/io/opentelemetry/opentelemetry-sdk-common/1.40.0/opentelemetry-sdk-common-1.40.0.jar:/Users/dj/.m2/repository/io/opentelemetry/opentelemetry-sdk-extension-autoconfigure-spi/1.40.0/opentelemetry-sdk-extension-autoconfigure-spi-1.40.0.jar:/Users/dj/.m2/repository/io/opentelemetry/opentelemetry-sdk-extension-autoconfigure/1.40.0/opentelemetry-sdk-extension-autoconfigure-1.40.0.jar:/Users/dj/.m2/repository/io/opentelemetry/opentelemetry-api-incubator/1.40.0-alpha/opentelemetry-api-incubator-1.40.0-alpha.jar:/Users/dj/.m2/repository/io/opentelemetry/opentelemetry-sdk-trace/1.40.0/opentelemetry-sdk-trace-1.40.0.jar:/Users/dj/.m2/repository/io/opentelemetry/opentelemetry-sdk/1.40.0/opentelemetry-sdk-1.40.0.jar:/Users/dj/.m2/repository/io/opentelemetry/opentelemetry-sdk-metrics/1.40.0/opentelemetry-sdk-metrics-1.40.0.jar:/Users/dj/.m2/repository/io/opentelemetry/opentelemetry-sdk-logs/1.40.0/opentelemetry-sdk-logs-1.40.0.jar:/Users/dj/.m2/repository/net/bytebuddy/byte-buddy/1.14.18/byte-buddy-1.14.18.jar:/Users/dj/.m2/repository/org/seleniumhq/selenium/selenium-os/4.23.1/selenium-os-4.23.1.jar:/Users/dj/.m2/repository/org/apache/commons/commons-exec/1.4.0/commons-exec-1.4.0.jar:/Users/dj/.m2/repository/org/seleniumhq/selenium/selenium-safari-driver/4.23.1/selenium-safari-driver-4.23.1.jar:/Users/dj/.m2/repository/org/seleniumhq/selenium/selenium-support/4.23.1/selenium-support-4.23.1.jar:/Users/dj/.m2/repository/io/cucumber/cucumber-java/7.11.1/cucumber-java-7.11.1.jar:/Users/dj/.m2/repository/io/cucumber/cucumber-core/7.11.1/cucumber-core-7.11.1.jar:/Users/dj/.m2/repository/io/cucumber/cucumber-gherkin/7.11.1/cucumber-gherkin-7.11.1.jar:/Users/dj/.m2/repository/io/cucumber/cucumber-gherkin-messages/7.11.1/cucumber-gherkin-messages-7.11.1.jar:/Users/dj/.m2/repository/io/cucumber/gherkin/26.0.3/gherkin-26.0.3.jar:/Users/dj/.m2/repository/io/cucumber/messages/21.0.1/messages-21.0.1.jar:/Users/dj/.m2/repository/io/cucumber/tag-expressions/5.0.1/tag-expressions-5.0.1.jar:/Users/dj/.m2/repository/io/cucumber/cucumber-expressions/16.1.2/cucumber-expressions-16.1.2.jar:/Users/dj/.m2/repository/io/cucumber/datatable/7.11.1/datatable-7.11.1.jar:/Users/dj/.m2/repository/io/cucumber/cucumber-plugin/7.11.1/cucumber-plugin-7.11.1.jar:/Users/dj/.m2/repository/io/cucumber/docstring/7.11.1/docstring-7.11.1.jar:/Users/dj/.m2/repository/io/cucumber/html-formatter/20.2.1/html-formatter-20.2.1.jar:/Users/dj/.m2/repository/io/cucumber/junit-xml-formatter/0.1.0/junit-xml-formatter-0.1.0.jar:/Users/dj/.m2/repository/io/cucumber/ci-environment/9.1.0/ci-environment-9.1.0.jar:/Users/dj/.m2/repository/org/apiguardian/apiguardian-api/1.1.2/apiguardian-api-1.1.2.jar:/Users/dj/.m2/repository/org/testng/testng/7.10.2/testng-7.10.2.jar:/Users/dj/.m2/repository/org/slf4j/slf4j-api/1.7.36/slf4j-api-1.7.36.jar:/Users/dj/.m2/repository/com/beust/jcommander/1.82/jcommander-1.82.jar:/Users/dj/.m2/repository/org/webjars/jquery/3.7.1/jquery-3.7.1.jar:/Users/dj/.m2/repository/io/cucumber/cucumber-testng/7.11.1/cucumber-testng-7.11.1.jar:/Users/dj/.m2/repository/org/apache/maven/surefire/surefire-testng/3.5.0/surefire-testng-3.5.0.jar:/Users/dj/.m2/repository/org/apache/maven/surefire/common-java5/3.5.0/common-java5-3.5.0.jar:/Users/dj/.m2/repository/org/apache/maven/surefire/surefire-testng-utils/3.5.0/surefire-testng-utils-3.5.0.jar:/Users/dj/.m2/repository/org/apache/maven/surefire/surefire-grouper/3.5.0/surefire-grouper-3.5.0.jar"/>
    <property name="java.vm.vendor" value="Oracle Corporation"/>
    <property name="sun.arch.data.model" value="64"/>
    <property name="java.vendor.url" value="https://java.oracle.com/"/>
    <property name="user.timezone" value="America/New_York"/>
    <property name="os.name" value="Mac OS X"/>
    <property name="java.vm.specification.version" value="17"/>
    <property name="sun.java.launcher" value="SUN_STANDARD"/>
    <property name="user.country" value="US"/>
    <property name="sun.boot.library.path" value="/Library/Java/JavaVirtualMachines/jdk-17.jdk/Contents/Home/lib"/>
    <property name="sun.java.command" value="org.apache.maven.surefire.booter.ForkedBooter /Users/dj/Desktop/GitRepo/Sweet2Neat/Testing/project2-testing/target/surefire 2024-09-04T15-03-53_902-jvmRun1 surefire-20240904150353934_1tmp surefire_0-20240904150353934_2tmp"/>
    <property name="http.nonProxyHosts" value="local|*.local|169.254/16|*.169.254/16"/>
    <property name="jdk.debug" value="release"/>
    <property name="surefire.test.class.path" value="/Users/dj/Desktop/GitRepo/Sweet2Neat/Testing/project2-testing/target/test-classes:/Users/dj/Desktop/GitRepo/Sweet2Neat/Testing/project2-testing/target/classes:/Users/dj/.m2/repository/org/seleniumhq/selenium/selenium-java/4.23.1/selenium-java-4.23.1.jar:/Users/dj/.m2/repository/org/seleniumhq/selenium/selenium-api/4.23.1/selenium-api-4.23.1.jar:/Users/dj/.m2/repository/org/seleniumhq/selenium/selenium-chrome-driver/4.23.1/selenium-chrome-driver-4.23.1.jar:/Users/dj/.m2/repository/com/google/auto/service/auto-service-annotations/1.1.1/auto-service-annotations-1.1.1.jar:/Users/dj/.m2/repository/org/seleniumhq/selenium/selenium-chromium-driver/4.23.1/selenium-chromium-driver-4.23.1.jar:/Users/dj/.m2/repository/org/seleniumhq/selenium/selenium-json/4.23.1/selenium-json-4.23.1.jar:/Users/dj/.m2/repository/org/seleniumhq/selenium/selenium-manager/4.23.1/selenium-manager-4.23.1.jar:/Users/dj/.m2/repository/org/seleniumhq/selenium/selenium-devtools-v125/4.23.1/selenium-devtools-v125-4.23.1.jar:/Users/dj/.m2/repository/org/seleniumhq/selenium/selenium-devtools-v126/4.23.1/selenium-devtools-v126-4.23.1.jar:/Users/dj/.m2/repository/org/seleniumhq/selenium/selenium-devtools-v127/4.23.1/selenium-devtools-v127-4.23.1.jar:/Users/dj/.m2/repository/org/seleniumhq/selenium/selenium-devtools-v85/4.23.1/selenium-devtools-v85-4.23.1.jar:/Users/dj/.m2/repository/org/seleniumhq/selenium/selenium-edge-driver/4.23.1/selenium-edge-driver-4.23.1.jar:/Users/dj/.m2/repository/org/seleniumhq/selenium/selenium-firefox-driver/4.23.1/selenium-firefox-driver-4.23.1.jar:/Users/dj/.m2/repository/org/seleniumhq/selenium/selenium-http/4.23.1/selenium-http-4.23.1.jar:/Users/dj/.m2/repository/dev/failsafe/failsafe/3.3.2/failsafe-3.3.2.jar:/Users/dj/.m2/repository/org/seleniumhq/selenium/selenium-ie-driver/4.23.1/selenium-ie-driver-4.23.1.jar:/Users/dj/.m2/repository/org/seleniumhq/selenium/selenium-remote-driver/4.23.1/selenium-remote-driver-4.23.1.jar:/Users/dj/.m2/repository/com/google/guava/guava/33.2.1-jre/guava-33.2.1-jre.jar:/Users/dj/.m2/repository/com/google/guava/failureaccess/1.0.2/failureaccess-1.0.2.jar:/Users/dj/.m2/repository/com/google/guava/listenablefuture/9999.0-empty-to-avoid-conflict-with-guava/listenablefuture-9999.0-empty-to-avoid-conflict-with-guava.jar:/Users/dj/.m2/repository/com/google/code/findbugs/jsr305/3.0.2/jsr305-3.0.2.jar:/Users/dj/.m2/repository/org/checkerframework/checker-qual/3.42.0/checker-qual-3.42.0.jar:/Users/dj/.m2/repository/com/google/errorprone/error_prone_annotations/2.26.1/error_prone_annotations-2.26.1.jar:/Users/dj/.m2/repository/com/google/j2objc/j2objc-annotations/3.0.0/j2objc-annotations-3.0.0.jar:/Users/dj/.m2/repository/io/opentelemetry/semconv/opentelemetry-semconv/1.25.0-alpha/opentelemetry-semconv-1.25.0-alpha.jar:/Users/dj/.m2/repository/io/opentelemetry/opentelemetry-api/1.40.0/opentelemetry-api-1.40.0.jar:/Users/dj/.m2/repository/io/opentelemetry/opentelemetry-context/1.40.0/opentelemetry-context-1.40.0.jar:/Users/dj/.m2/repository/io/opentelemetry/opentelemetry-exporter-logging/1.40.0/opentelemetry-exporter-logging-1.40.0.jar:/Users/dj/.m2/repository/io/opentelemetry/opentelemetry-sdk-common/1.40.0/opentelemetry-sdk-common-1.40.0.jar:/Users/dj/.m2/repository/io/opentelemetry/opentelemetry-sdk-extension-autoconfigure-spi/1.40.0/opentelemetry-sdk-extension-autoconfigure-spi-1.40.0.jar:/Users/dj/.m2/repository/io/opentelemetry/opentelemetry-sdk-extension-autoconfigure/1.40.0/opentelemetry-sdk-extension-autoconfigure-1.40.0.jar:/Users/dj/.m2/repository/io/opentelemetry/opentelemetry-api-incubator/1.40.0-alpha/opentelemetry-api-incubator-1.40.0-alpha.jar:/Users/dj/.m2/repository/io/opentelemetry/opentelemetry-sdk-trace/1.40.0/opentelemetry-sdk-trace-1.40.0.jar:/Users/dj/.m2/repository/io/opentelemetry/opentelemetry-sdk/1.40.0/opentelemetry-sdk-1.40.0.jar:/Users/dj/.m2/repository/io/opentelemetry/opentelemetry-sdk-metrics/1.40.0/opentelemetry-sdk-metrics-1.40.0.jar:/Users/dj/.m2/repository/io/opentelemetry/opentelemetry-sdk-logs/1.40.0/opentelemetry-sdk-logs-1.40.0.jar:/Users/dj/.m2/repository/net/bytebuddy/byte-buddy/1.14.18/byte-buddy-1.14.18.jar:/Users/dj/.m2/repository/org/seleniumhq/selenium/selenium-os/4.23.1/selenium-os-4.23.1.jar:/Users/dj/.m2/repository/org/apache/commons/commons-exec/1.4.0/commons-exec-1.4.0.jar:/Users/dj/.m2/repository/org/seleniumhq/selenium/selenium-safari-driver/4.23.1/selenium-safari-driver-4.23.1.jar:/Users/dj/.m2/repository/org/seleniumhq/selenium/selenium-support/4.23.1/selenium-support-4.23.1.jar:/Users/dj/.m2/repository/io/cucumber/cucumber-java/7.11.1/cucumber-java-7.11.1.jar:/Users/dj/.m2/repository/io/cucumber/cucumber-core/7.11.1/cucumber-core-7.11.1.jar:/Users/dj/.m2/repository/io/cucumber/cucumber-gherkin/7.11.1/cucumber-gherkin-7.11.1.jar:/Users/dj/.m2/repository/io/cucumber/cucumber-gherkin-messages/7.11.1/cucumber-gherkin-messages-7.11.1.jar:/Users/dj/.m2/repository/io/cucumber/gherkin/26.0.3/gherkin-26.0.3.jar:/Users/dj/.m2/repository/io/cucumber/messages/21.0.1/messages-21.0.1.jar:/Users/dj/.m2/repository/io/cucumber/tag-expressions/5.0.1/tag-expressions-5.0.1.jar:/Users/dj/.m2/repository/io/cucumber/cucumber-expressions/16.1.2/cucumber-expressions-16.1.2.jar:/Users/dj/.m2/repository/io/cucumber/datatable/7.11.1/datatable-7.11.1.jar:/Users/dj/.m2/repository/io/cucumber/cucumber-plugin/7.11.1/cucumber-plugin-7.11.1.jar:/Users/dj/.m2/repository/io/cucumber/docstring/7.11.1/docstring-7.11.1.jar:/Users/dj/.m2/repository/io/cucumber/html-formatter/20.2.1/html-formatter-20.2.1.jar:/Users/dj/.m2/repository/io/cucumber/junit-xml-formatter/0.1.0/junit-xml-formatter-0.1.0.jar:/Users/dj/.m2/repository/io/cucumber/ci-environment/9.1.0/ci-environment-9.1.0.jar:/Users/dj/.m2/repository/org/apiguardian/apiguardian-api/1.1.2/apiguardian-api-1.1.2.jar:/Users/dj/.m2/repository/org/testng/testng/7.10.2/testng-7.10.2.jar:/Users/dj/.m2/repository/org/slf4j/slf4j-api/1.7.36/slf4j-api-1.7.36.jar:/Users/dj/.m2/repository/com/beust/jcommander/1.82/jcommander-1.82.jar:/Users/dj/.m2/repository/org/webjars/jquery/3.7.1/jquery-3.7.1.jar:/Users/dj/.m2/repository/io/cucumber/cucumber-testng/7.11.1/cucumber-testng-7.11.1.jar:"/>
    <property name="sun.cpu.endian" value="little"/>
    <property name="user.home" value="/Users/dj"/>
    <property name="user.language" value="en"/>
    <property name="java.specification.vendor" value="Oracle Corporation"/>
    <property name="java.version.date" value="2024-07-16"/>
    <property name="java.home" value="/Library/Java/JavaVirtualMachines/jdk-17.jdk/Contents/Home"/>
    <property name="file.separator" value="/"/>
    <property name="basedir" value="/Users/dj/Desktop/GitRepo/Sweet2Neat/Testing/project2-testing"/>
    <property name="java.vm.compressedOopsMode" value="Zero based"/>
    <property name="line.separator" value="&#10;"/>
    <property name="java.specification.name" value="Java Platform API Specification"/>
    <property name="java.vm.specification.vendor" value="Oracle Corporation"/>
    <property name="sun.management.compiler" value="HotSpot 64-Bit Tiered Compilers"/>
    <property name="ftp.nonProxyHosts" value="local|*.local|169.254/16|*.169.254/16"/>
    <property name="java.runtime.version" value="17.0.12+8-LTS-286"/>
    <property name="user.name" value="dj"/>
    <property name="path.separator" value=":"/>
    <property name="os.version" value="14.5"/>
    <property name="java.runtime.name" value="Java(TM) SE Runtime Environment"/>
    <property name="file.encoding" value="UTF-8"/>
    <property name="java.vm.name" value="Java HotSpot(TM) 64-Bit Server VM"/>
    <property name="localRepository" value="/Users/dj/.m2/repository"/>
    <property name="java.vendor.url.bug" value="https://bugreport.java.com/bugreport/"/>
    <property name="java.io.tmpdir" value="/var/folders/x5/lg9yk44s7wx0cjnmk578s1v00000gn/T/"/>
    <property name="java.version" value="17.0.12"/>
    <property name="user.dir" value="/Users/dj/Desktop/GitRepo/Sweet2Neat/Testing/project2-testing"/>
    <property name="os.arch" value="aarch64"/>
    <property name="java.vm.specification.name" value="Java Virtual Machine Specification"/>
    <property name="native.encoding" value="UTF-8"/>
    <property name="java.library.path" value="/Users/dj/Library/Java/Extensions:/Library/Java/Extensions:/Network/Library/Java/Extensions:/System/Library/Java/Extensions:/usr/lib/java:."/>
    <property name="java.vm.info" value="mixed mode, sharing"/>
    <property name="java.vendor" value="Oracle Corporation"/>
    <property name="java.vm.version" value="17.0.12+8-LTS-286"/>
    <property name="sun.io.unicode.encoding" value="UnicodeBig"/>
    <property name="socksNonProxyHosts" value="local|*.local|169.254/16|*.169.254/16"/>
    <property name="java.class.version" value="61.0"/>
  </properties>
  <testcase name="runScenario[&quot;Successful warehouse stock creation with valid information&quot;, &quot;WarehouseStock CRUD&quot;](1)" classname="com.skillstorm.RunCucumberTest" time="13.303">
    <system-out><![CDATA[
@WarehouseStock
Scenario Outline: Successful warehouse stock creation with valid information                   &amp#27;[90m# com/skillstorm/warehouseStock.feature:15&amp#27;[0m
  &amp#27;[32mGiven &amp#27;[0m&amp#27;[32mI am on the Warehouse Stock page&amp#27;[0m                                                       &amp#27;[90m# com.skillstorm.cucumber.WarehouseStockSteps.onWarehouseStockPage()&amp#27;[0m
  &amp#27;[32mWhen &amp#27;[0m&amp#27;[32mI select the &amp#27;[0m&amp#27;[32m&amp#27;[1m"Sour Skittles"&amp#27;[0m&amp#27;[32m, &amp#27;[0m&amp#27;[32m&amp#27;[1m"3212 Spur Ln, Austin, Texas"&amp#27;[0m&amp#27;[32m and input &amp#27;[0m&amp#27;[32m&amp#27;[1m"10"&amp#27;[0m&amp#27;[32m fields&amp#27;[0m       &amp#27;[90m# com.skillstorm.cucumber.WarehouseStockSteps.selectWarehouseStockFields(java.lang.String,java.lang.String,java.lang.String)&amp#27;[0m
  &amp#27;[32mAnd &amp#27;[0m&amp#27;[32mI click the Add Stock button&amp#27;[0m                                                             &amp#27;[90m# com.skillstorm.cucumber.WarehouseStockSteps.clickAddStockButton()&amp#27;[0m
true
  &amp#27;[32mThen &amp#27;[0m&amp#27;[32mI should see the last row with &amp#27;[0m&amp#27;[32m&amp#27;[1m"Sour Skittles"&amp#27;[0m&amp#27;[32m, &amp#27;[0m&amp#27;[32m&amp#27;[1m"3212 Spur Ln, Austin, Texas"&amp#27;[0m&amp#27;[32m, and &amp#27;[0m&amp#27;[32m&amp#27;[1m"10"&amp#27;[0m &amp#27;[90m# com.skillstorm.cucumber.WarehouseStockSteps.shouldSeeNewWarehouseStock(java.lang.String,java.lang.String,java.lang.String)&amp#27;[0m
  &amp#27;[32mAnd &amp#27;[0m&amp#27;[32mshould see an alert message &amp#27;[0m&amp#27;[32m&amp#27;[1m"Added stock successfully!"&amp#27;[0m                                  &amp#27;[90m# com.skillstorm.cucumber.WarehouseStockSteps.iShouldSeeAlertMessage(java.lang.String)&amp#27;[0m
]]></system-out>
    <system-err><![CDATA[SLF4J: Failed to load class "org.slf4j.impl.StaticLoggerBinder".
SLF4J: Defaulting to no-operation (NOP) logger implementation
SLF4J: See http://www.slf4j.org/codes.html#StaticLoggerBinder for further details.
Sep 04, 2024 3:03:55 PM org.openqa.selenium.devtools.CdpVersionFinder findNearestMatch
WARNING: Unable to find an exact match for CDP version 128, returning the closest version; found: 127; Please update to a Selenium version that supports CDP version 128
]]></system-err>
  </testcase>
  <testcase name="runScenario[&quot;Unsuccessful warehouse stock creation with invalid and valid information&quot;, &quot;WarehouseStock CRUD&quot;](2)" classname="com.skillstorm.RunCucumberTest" time="11.265">
    <system-out><![CDATA[
@WarehouseStock
Scenario Outline: Unsuccessful warehouse stock creation with invalid and valid information &amp#27;[90m# com/skillstorm/warehouseStock.feature:27&amp#27;[0m
  &amp#27;[32mGiven &amp#27;[0m&amp#27;[32mI am on the Warehouse Stock page&amp#27;[0m                                                   &amp#27;[90m# com.skillstorm.cucumber.WarehouseStockSteps.onWarehouseStockPage()&amp#27;[0m
  &amp#27;[32mWhen &amp#27;[0m&amp#27;[32mI don't select &amp#27;[0m&amp#27;[32m&amp#27;[1m""&amp#27;[0m&amp#27;[32m, &amp#27;[0m&amp#27;[32m&amp#27;[1m"Test location"&amp#27;[0m&amp#27;[32m and input &amp#27;[0m&amp#27;[32m&amp#27;[1m"1000"&amp#27;[0m&amp#27;[32m fields&amp#27;[0m                          &amp#27;[90m# com.skillstorm.cucumber.WarehouseStockSteps.dontSelectWarehouseStockFields(java.lang.String,java.lang.String,java.lang.String)&amp#27;[0m
  &amp#27;[32mAnd &amp#27;[0m&amp#27;[32mI click on the Add Stock button&amp#27;[0m                                                      &amp#27;[90m# com.skillstorm.cucumber.WarehouseStockSteps.clickOnAddStockButton()&amp#27;[0m
false
  &amp#27;[32mThen &amp#27;[0m&amp#27;[32mthe warehouse stock should not be added with &amp#27;[0m&amp#27;[32m&amp#27;[1m""&amp#27;[0m&amp#27;[32m, &amp#27;[0m&amp#27;[32m&amp#27;[1m"Test location"&amp#27;[0m&amp#27;[32m, and &amp#27;[0m&amp#27;[32m&amp#27;[1m"1000"&amp#27;[0m        &amp#27;[90m# com.skillstorm.cucumber.WarehouseStockSteps.shouldNotSeeNewWarehouseStock(java.lang.String,java.lang.String,java.lang.String)&amp#27;[0m
  &amp#27;[32mAnd &amp#27;[0m&amp#27;[32mshould see an alert message &amp#27;[0m&amp#27;[32m&amp#27;[1m"Candy Name is required"&amp#27;[0m                                 &amp#27;[90m# com.skillstorm.cucumber.WarehouseStockSteps.iShouldSeeAlertMessage(java.lang.String)&amp#27;[0m
]]></system-out>
    <system-err><![CDATA[Sep 04, 2024 3:04:08 PM org.openqa.selenium.devtools.CdpVersionFinder findNearestMatch
WARNING: Unable to find an exact match for CDP version 128, returning the closest version; found: 127; Please update to a Selenium version that supports CDP version 128
]]></system-err>
  </testcase>
  <testcase name="runScenario[&quot;Unsuccessful warehouse stock creation with invalid and valid information&quot;, &quot;WarehouseStock CRUD&quot;](3)" classname="com.skillstorm.RunCucumberTest" time="11.395">
    <system-out><![CDATA[
@WarehouseStock
Scenario Outline: Unsuccessful warehouse stock creation with invalid and valid information &amp#27;[90m# com/skillstorm/warehouseStock.feature:28&amp#27;[0m
  &amp#27;[32mGiven &amp#27;[0m&amp#27;[32mI am on the Warehouse Stock page&amp#27;[0m                                                   &amp#27;[90m# com.skillstorm.cucumber.WarehouseStockSteps.onWarehouseStockPage()&amp#27;[0m
  &amp#27;[32mWhen &amp#27;[0m&amp#27;[32mI don't select &amp#27;[0m&amp#27;[32m&amp#27;[1m"Air Heads"&amp#27;[0m&amp#27;[32m, &amp#27;[0m&amp#27;[32m&amp#27;[1m""&amp#27;[0m&amp#27;[32m and input &amp#27;[0m&amp#27;[32m&amp#27;[1m"2000"&amp#27;[0m&amp#27;[32m fields&amp#27;[0m                              &amp#27;[90m# com.skillstorm.cucumber.WarehouseStockSteps.dontSelectWarehouseStockFields(java.lang.String,java.lang.String,java.lang.String)&amp#27;[0m
  &amp#27;[32mAnd &amp#27;[0m&amp#27;[32mI click on the Add Stock button&amp#27;[0m                                                      &amp#27;[90m# com.skillstorm.cucumber.WarehouseStockSteps.clickOnAddStockButton()&amp#27;[0m
false
  &amp#27;[32mThen &amp#27;[0m&amp#27;[32mthe warehouse stock should not be added with &amp#27;[0m&amp#27;[32m&amp#27;[1m"Air Heads"&amp#27;[0m&amp#27;[32m, &amp#27;[0m&amp#27;[32m&amp#27;[1m""&amp#27;[0m&amp#27;[32m, and &amp#27;[0m&amp#27;[32m&amp#27;[1m"2000"&amp#27;[0m            &amp#27;[90m# com.skillstorm.cucumber.WarehouseStockSteps.shouldNotSeeNewWarehouseStock(java.lang.String,java.lang.String,java.lang.String)&amp#27;[0m
  &amp#27;[32mAnd &amp#27;[0m&amp#27;[32mshould see an alert message &amp#27;[0m&amp#27;[32m&amp#27;[1m"Warehouse Location is required"&amp#27;[0m                         &amp#27;[90m# com.skillstorm.cucumber.WarehouseStockSteps.iShouldSeeAlertMessage(java.lang.String)&amp#27;[0m
]]></system-out>
    <system-err><![CDATA[Sep 04, 2024 3:04:19 PM org.openqa.selenium.devtools.CdpVersionFinder findNearestMatch
WARNING: Unable to find an exact match for CDP version 128, returning the closest version; found: 127; Please update to a Selenium version that supports CDP version 128
]]></system-err>
  </testcase>
  <testcase name="runScenario[&quot;Unsuccessful warehouse stock creation with invalid and valid information&quot;, &quot;WarehouseStock CRUD&quot;](4)" classname="com.skillstorm.RunCucumberTest" time="11.254">
    <system-out><![CDATA[
@WarehouseStock
Scenario Outline: Unsuccessful warehouse stock creation with invalid and valid information                               &amp#27;[90m# com/skillstorm/warehouseStock.feature:29&amp#27;[0m
  &amp#27;[32mGiven &amp#27;[0m&amp#27;[32mI am on the Warehouse Stock page&amp#27;[0m                                                                                 &amp#27;[90m# com.skillstorm.cucumber.WarehouseStockSteps.onWarehouseStockPage()&amp#27;[0m
  &amp#27;[32mWhen &amp#27;[0m&amp#27;[32mI don't select &amp#27;[0m&amp#27;[32m&amp#27;[1m"Air Heads"&amp#27;[0m&amp#27;[32m, &amp#27;[0m&amp#27;[32m&amp#27;[1m"Test location"&amp#27;[0m&amp#27;[32m and input &amp#27;[0m&amp#27;[32m&amp#27;[1m""&amp#27;[0m&amp#27;[32m fields&amp#27;[0m                                                   &amp#27;[90m# com.skillstorm.cucumber.WarehouseStockSteps.dontSelectWarehouseStockFields(java.lang.String,java.lang.String,java.lang.String)&amp#27;[0m
  &amp#27;[32mAnd &amp#27;[0m&amp#27;[32mI click on the Add Stock button&amp#27;[0m                                                                                    &amp#27;[90m# com.skillstorm.cucumber.WarehouseStockSteps.clickOnAddStockButton()&amp#27;[0m
false
  &amp#27;[32mThen &amp#27;[0m&amp#27;[32mthe warehouse stock should not be added with &amp#27;[0m&amp#27;[32m&amp#27;[1m"Air Heads"&amp#27;[0m&amp#27;[32m, &amp#27;[0m&amp#27;[32m&amp#27;[1m"Test location"&amp#27;[0m&amp#27;[32m, and &amp#27;[0m&amp#27;[32m&amp#27;[1m""&amp#27;[0m                                 &amp#27;[90m# com.skillstorm.cucumber.WarehouseStockSteps.shouldNotSeeNewWarehouseStock(java.lang.String,java.lang.String,java.lang.String)&amp#27;[0m
  &amp#27;[32mAnd &amp#27;[0m&amp#27;[32mshould see an alert message &amp#27;[0m&amp#27;[32m&amp#27;[1m"Quantity must be a number and greater than zero, and Quantity cannot contain letters"&amp#27;[0m &amp#27;[90m# com.skillstorm.cucumber.WarehouseStockSteps.iShouldSeeAlertMessage(java.lang.String)&amp#27;[0m
]]></system-out>
    <system-err><![CDATA[Sep 04, 2024 3:04:31 PM org.openqa.selenium.devtools.CdpVersionFinder findNearestMatch
WARNING: Unable to find an exact match for CDP version 128, returning the closest version; found: 127; Please update to a Selenium version that supports CDP version 128
]]></system-err>
  </testcase>
  <testcase name="runScenario[&quot;Unsuccessful warehouse stock creation with invalid and valid information&quot;, &quot;WarehouseStock CRUD&quot;](5)" classname="com.skillstorm.RunCucumberTest" time="11.097">
    <system-out><![CDATA[
@WarehouseStock
Scenario Outline: Unsuccessful warehouse stock creation with invalid and valid information                                                                                               &amp#27;[90m# com/skillstorm/warehouseStock.feature:30&amp#27;[0m
  &amp#27;[32mGiven &amp#27;[0m&amp#27;[32mI am on the Warehouse Stock page&amp#27;[0m                                                                                                                                                 &amp#27;[90m# com.skillstorm.cucumber.WarehouseStockSteps.onWarehouseStockPage()&amp#27;[0m
  &amp#27;[32mWhen &amp#27;[0m&amp#27;[32mI don't select &amp#27;[0m&amp#27;[32m&amp#27;[1m""&amp#27;[0m&amp#27;[32m, &amp#27;[0m&amp#27;[32m&amp#27;[1m""&amp#27;[0m&amp#27;[32m and input &amp#27;[0m&amp#27;[32m&amp#27;[1m""&amp#27;[0m&amp#27;[32m fields&amp#27;[0m                                                                                                                                         &amp#27;[90m# com.skillstorm.cucumber.WarehouseStockSteps.dontSelectWarehouseStockFields(java.lang.String,java.lang.String,java.lang.String)&amp#27;[0m
  &amp#27;[32mAnd &amp#27;[0m&amp#27;[32mI click on the Add Stock button&amp#27;[0m                                                                                                                                                    &amp#27;[90m# com.skillstorm.cucumber.WarehouseStockSteps.clickOnAddStockButton()&amp#27;[0m
false
  &amp#27;[32mThen &amp#27;[0m&amp#27;[32mthe warehouse stock should not be added with &amp#27;[0m&amp#27;[32m&amp#27;[1m""&amp#27;[0m&amp#27;[32m, &amp#27;[0m&amp#27;[32m&amp#27;[1m""&amp#27;[0m&amp#27;[32m, and &amp#27;[0m&amp#27;[32m&amp#27;[1m""&amp#27;[0m                                                                                                                       &amp#27;[90m# com.skillstorm.cucumber.WarehouseStockSteps.shouldNotSeeNewWarehouseStock(java.lang.String,java.lang.String,java.lang.String)&amp#27;[0m
  &amp#27;[32mAnd &amp#27;[0m&amp#27;[32mshould see an alert message &amp#27;[0m&amp#27;[32m&amp#27;[1m"Candy Name is required, and Warehouse Location is required, and Quantity must be a number and greater than zero, and Quantity cannot contain letters"&amp#27;[0m &amp#27;[90m# com.skillstorm.cucumber.WarehouseStockSteps.iShouldSeeAlertMessage(java.lang.String)&amp#27;[0m
]]></system-out>
    <system-err><![CDATA[Sep 04, 2024 3:04:42 PM org.openqa.selenium.devtools.CdpVersionFinder findNearestMatch
WARNING: Unable to find an exact match for CDP version 128, returning the closest version; found: 127; Please update to a Selenium version that supports CDP version 128
]]></system-err>
  </testcase>
  <testcase name="runScenario[&quot;Successful warehouse stock update with valid information&quot;, &quot;WarehouseStock CRUD&quot;](6)" classname="com.skillstorm.RunCucumberTest" time="13.393">
    <system-out><![CDATA[
@WarehouseStock
Scenario Outline: Successful warehouse stock update with valid information   &amp#27;[90m# com/skillstorm/warehouseStock.feature:44&amp#27;[0m
  &amp#27;[32mGiven &amp#27;[0m&amp#27;[32mI am on the Warehouse Stock page&amp#27;[0m                                     &amp#27;[90m# com.skillstorm.cucumber.WarehouseStockSteps.onWarehouseStockPage()&amp#27;[0m
  &amp#27;[32mWhen &amp#27;[0m&amp#27;[32mI click the edit icon&amp#27;[0m                                                 &amp#27;[90m# com.skillstorm.cucumber.WarehouseStockSteps.clickEditIcon()&amp#27;[0m
  &amp#27;[32mThen &amp#27;[0m&amp#27;[32mI select a new &amp#27;[0m&amp#27;[32m&amp#27;[1m"Ring Pops"&amp#27;[0m&amp#27;[32m, &amp#27;[0m&amp#27;[32m&amp#27;[1m"Test location"&amp#27;[0m&amp#27;[32m and input &amp#27;[0m&amp#27;[32m&amp#27;[1m"40"&amp#27;[0m&amp#27;[32m fields&amp#27;[0m     &amp#27;[90m# com.skillstorm.cucumber.WarehouseStockSteps.selectNewAndInputFields(java.lang.String,java.lang.String,java.lang.String)&amp#27;[0m
  &amp#27;[32mAnd &amp#27;[0m&amp#27;[32mI click the Update Stock button&amp#27;[0m                                        &amp#27;[90m# com.skillstorm.cucumber.WarehouseStockSteps.clickUpdateStockButton()&amp#27;[0m
false
  &amp#27;[32mThen &amp#27;[0m&amp#27;[32mI should see the last row with &amp#27;[0m&amp#27;[32m&amp#27;[1m"Ring Pops"&amp#27;[0m&amp#27;[32m, &amp#27;[0m&amp#27;[32m&amp#27;[1m"Test location"&amp#27;[0m&amp#27;[32m, and &amp#27;[0m&amp#27;[32m&amp#27;[1m"40"&amp#27;[0m &amp#27;[90m# com.skillstorm.cucumber.WarehouseStockSteps.shouldSeeNewWarehouseStock(java.lang.String,java.lang.String,java.lang.String)&amp#27;[0m
]]></system-out>
    <system-err><![CDATA[Sep 04, 2024 3:04:53 PM org.openqa.selenium.devtools.CdpVersionFinder findNearestMatch
WARNING: Unable to find an exact match for CDP version 128, returning the closest version; found: 127; Please update to a Selenium version that supports CDP version 128
]]></system-err>
  </testcase>
  <testcase name="runScenario[&quot;Unsuccessful warehouse stock update with invalid and valid information&quot;, &quot;WarehouseStock CRUD&quot;](7)" classname="com.skillstorm.RunCucumberTest" time="12.316">
    <system-out><![CDATA[
@WarehouseStock
Scenario Outline: Unsuccessful warehouse stock update with invalid and valid information &amp#27;[90m# com/skillstorm/warehouseStock.feature:56&amp#27;[0m
  &amp#27;[32mGiven &amp#27;[0m&amp#27;[32mI am on the Warehouse Stock page&amp#27;[0m                                                 &amp#27;[90m# com.skillstorm.cucumber.WarehouseStockSteps.onWarehouseStockPage()&amp#27;[0m
  &amp#27;[32mWhen &amp#27;[0m&amp#27;[32mI click the edit icon&amp#27;[0m                                                             &amp#27;[90m# com.skillstorm.cucumber.WarehouseStockSteps.clickEditIcon()&amp#27;[0m
  &amp#27;[32mAnd &amp#27;[0m&amp#27;[32mI don't select a new &amp#27;[0m&amp#27;[32m&amp#27;[1m""&amp#27;[0m&amp#27;[32m, &amp#27;[0m&amp#27;[32m&amp#27;[1m"Test location"&amp#27;[0m&amp#27;[32m and input &amp#27;[0m&amp#27;[32m&amp#27;[1m"1000"&amp#27;[0m&amp#27;[32m fields&amp#27;[0m                   &amp#27;[90m# com.skillstorm.cucumber.WarehouseStockSteps.doNotSelectWarehouseStockFields(java.lang.String,java.lang.String,java.lang.String)&amp#27;[0m
  &amp#27;[32mAnd &amp#27;[0m&amp#27;[32mI click on the Update Stock button&amp#27;[0m                                                 &amp#27;[90m# com.skillstorm.cucumber.WarehouseStockSteps.clickOnUpdateStockButton()&amp#27;[0m
  &amp#27;[32mThen &amp#27;[0m&amp#27;[32mthe warehouse stock should not be updated with &amp#27;[0m&amp#27;[32m&amp#27;[1m""&amp#27;[0m&amp#27;[32m, &amp#27;[0m&amp#27;[32m&amp#27;[1m"Test location"&amp#27;[0m&amp#27;[32m, and &amp#27;[0m&amp#27;[32m&amp#27;[1m"1000"&amp#27;[0m    &amp#27;[90m# com.skillstorm.cucumber.WarehouseStockSteps.shouldNotBeUpdatedWith(java.lang.String,java.lang.String,java.lang.String)&amp#27;[0m
]]></system-out>
    <system-err><![CDATA[Sep 04, 2024 3:05:06 PM org.openqa.selenium.devtools.CdpVersionFinder findNearestMatch
WARNING: Unable to find an exact match for CDP version 128, returning the closest version; found: 127; Please update to a Selenium version that supports CDP version 128
]]></system-err>
  </testcase>
  <testcase name="runScenario[&quot;Unsuccessful warehouse stock update with invalid and valid information&quot;, &quot;WarehouseStock CRUD&quot;](8)" classname="com.skillstorm.RunCucumberTest" time="12.393">
    <system-out><![CDATA[
@WarehouseStock
Scenario Outline: Unsuccessful warehouse stock update with invalid and valid information &amp#27;[90m# com/skillstorm/warehouseStock.feature:57&amp#27;[0m
  &amp#27;[32mGiven &amp#27;[0m&amp#27;[32mI am on the Warehouse Stock page&amp#27;[0m                                                 &amp#27;[90m# com.skillstorm.cucumber.WarehouseStockSteps.onWarehouseStockPage()&amp#27;[0m
  &amp#27;[32mWhen &amp#27;[0m&amp#27;[32mI click the edit icon&amp#27;[0m                                                             &amp#27;[90m# com.skillstorm.cucumber.WarehouseStockSteps.clickEditIcon()&amp#27;[0m
  &amp#27;[32mAnd &amp#27;[0m&amp#27;[32mI don't select a new &amp#27;[0m&amp#27;[32m&amp#27;[1m"Air Heads"&amp#27;[0m&amp#27;[32m, &amp#27;[0m&amp#27;[32m&amp#27;[1m""&amp#27;[0m&amp#27;[32m and input &amp#27;[0m&amp#27;[32m&amp#27;[1m"2000"&amp#27;[0m&amp#27;[32m fields&amp#27;[0m                       &amp#27;[90m# com.skillstorm.cucumber.WarehouseStockSteps.doNotSelectWarehouseStockFields(java.lang.String,java.lang.String,java.lang.String)&amp#27;[0m
  &amp#27;[32mAnd &amp#27;[0m&amp#27;[32mI click on the Update Stock button&amp#27;[0m                                                 &amp#27;[90m# com.skillstorm.cucumber.WarehouseStockSteps.clickOnUpdateStockButton()&amp#27;[0m
  &amp#27;[32mThen &amp#27;[0m&amp#27;[32mthe warehouse stock should not be updated with &amp#27;[0m&amp#27;[32m&amp#27;[1m"Air Heads"&amp#27;[0m&amp#27;[32m, &amp#27;[0m&amp#27;[32m&amp#27;[1m""&amp#27;[0m&amp#27;[32m, and &amp#27;[0m&amp#27;[32m&amp#27;[1m"2000"&amp#27;[0m        &amp#27;[90m# com.skillstorm.cucumber.WarehouseStockSteps.shouldNotBeUpdatedWith(java.lang.String,java.lang.String,java.lang.String)&amp#27;[0m
]]></system-out>
    <system-err><![CDATA[Sep 04, 2024 3:05:19 PM org.openqa.selenium.devtools.CdpVersionFinder findNearestMatch
WARNING: Unable to find an exact match for CDP version 128, returning the closest version; found: 127; Please update to a Selenium version that supports CDP version 128
]]></system-err>
  </testcase>
  <testcase name="runScenario[&quot;Unsuccessful warehouse stock update with invalid and valid information&quot;, &quot;WarehouseStock CRUD&quot;](9)" classname="com.skillstorm.RunCucumberTest" time="12.409">
    <system-out><![CDATA[
@WarehouseStock
Scenario Outline: Unsuccessful warehouse stock update with invalid and valid information        &amp#27;[90m# com/skillstorm/warehouseStock.feature:58&amp#27;[0m
  &amp#27;[32mGiven &amp#27;[0m&amp#27;[32mI am on the Warehouse Stock page&amp#27;[0m                                                        &amp#27;[90m# com.skillstorm.cucumber.WarehouseStockSteps.onWarehouseStockPage()&amp#27;[0m
  &amp#27;[32mWhen &amp#27;[0m&amp#27;[32mI click the edit icon&amp#27;[0m                                                                    &amp#27;[90m# com.skillstorm.cucumber.WarehouseStockSteps.clickEditIcon()&amp#27;[0m
  &amp#27;[32mAnd &amp#27;[0m&amp#27;[32mI don't select a new &amp#27;[0m&amp#27;[32m&amp#27;[1m"Air Heads"&amp#27;[0m&amp#27;[32m, &amp#27;[0m&amp#27;[32m&amp#27;[1m"Test location"&amp#27;[0m&amp#27;[32m and input &amp#27;[0m&amp#27;[32m&amp#27;[1m"empty"&amp#27;[0m&amp#27;[32m fields&amp#27;[0m                &amp#27;[90m# com.skillstorm.cucumber.WarehouseStockSteps.doNotSelectWarehouseStockFields(java.lang.String,java.lang.String,java.lang.String)&amp#27;[0m
  &amp#27;[32mAnd &amp#27;[0m&amp#27;[32mI click on the Update Stock button&amp#27;[0m                                                        &amp#27;[90m# com.skillstorm.cucumber.WarehouseStockSteps.clickOnUpdateStockButton()&amp#27;[0m
  &amp#27;[32mThen &amp#27;[0m&amp#27;[32mthe warehouse stock should not be updated with &amp#27;[0m&amp#27;[32m&amp#27;[1m"Air Heads"&amp#27;[0m&amp#27;[32m, &amp#27;[0m&amp#27;[32m&amp#27;[1m"Test location"&amp#27;[0m&amp#27;[32m, and &amp#27;[0m&amp#27;[32m&amp#27;[1m"empty"&amp#27;[0m &amp#27;[90m# com.skillstorm.cucumber.WarehouseStockSteps.shouldNotBeUpdatedWith(java.lang.String,java.lang.String,java.lang.String)&amp#27;[0m
]]></system-out>
    <system-err><![CDATA[Sep 04, 2024 3:05:31 PM org.openqa.selenium.devtools.CdpVersionFinder findNearestMatch
WARNING: Unable to find an exact match for CDP version 128, returning the closest version; found: 127; Please update to a Selenium version that supports CDP version 128
]]></system-err>
  </testcase>
  <testcase name="runScenario[&quot;Unsuccessful warehouse stock update with invalid and valid information&quot;, &quot;WarehouseStock CRUD&quot;](10)" classname="com.skillstorm.RunCucumberTest" time="12.348">
    <system-out><![CDATA[
@WarehouseStock
Scenario Outline: Unsuccessful warehouse stock update with invalid and valid information &amp#27;[90m# com/skillstorm/warehouseStock.feature:59&amp#27;[0m
  &amp#27;[32mGiven &amp#27;[0m&amp#27;[32mI am on the Warehouse Stock page&amp#27;[0m                                                 &amp#27;[90m# com.skillstorm.cucumber.WarehouseStockSteps.onWarehouseStockPage()&amp#27;[0m
  &amp#27;[32mWhen &amp#27;[0m&amp#27;[32mI click the edit icon&amp#27;[0m                                                             &amp#27;[90m# com.skillstorm.cucumber.WarehouseStockSteps.clickEditIcon()&amp#27;[0m
  &amp#27;[32mAnd &amp#27;[0m&amp#27;[32mI don't select a new &amp#27;[0m&amp#27;[32m&amp#27;[1m""&amp#27;[0m&amp#27;[32m, &amp#27;[0m&amp#27;[32m&amp#27;[1m""&amp#27;[0m&amp#27;[32m and input &amp#27;[0m&amp#27;[32m&amp#27;[1m""&amp#27;[0m&amp#27;[32m fields&amp#27;[0m                                    &amp#27;[90m# com.skillstorm.cucumber.WarehouseStockSteps.doNotSelectWarehouseStockFields(java.lang.String,java.lang.String,java.lang.String)&amp#27;[0m
  &amp#27;[32mAnd &amp#27;[0m&amp#27;[32mI click on the Update Stock button&amp#27;[0m                                                 &amp#27;[90m# com.skillstorm.cucumber.WarehouseStockSteps.clickOnUpdateStockButton()&amp#27;[0m
  &amp#27;[32mThen &amp#27;[0m&amp#27;[32mthe warehouse stock should not be updated with &amp#27;[0m&amp#27;[32m&amp#27;[1m""&amp#27;[0m&amp#27;[32m, &amp#27;[0m&amp#27;[32m&amp#27;[1m""&amp#27;[0m&amp#27;[32m, and &amp#27;[0m&amp#27;[32m&amp#27;[1m""&amp#27;[0m                     &amp#27;[90m# com.skillstorm.cucumber.WarehouseStockSteps.shouldNotBeUpdatedWith(java.lang.String,java.lang.String,java.lang.String)&amp#27;[0m
]]></system-out>
    <system-err><![CDATA[Sep 04, 2024 3:05:44 PM org.openqa.selenium.devtools.CdpVersionFinder findNearestMatch
WARNING: Unable to find an exact match for CDP version 128, returning the closest version; found: 127; Please update to a Selenium version that supports CDP version 128
]]></system-err>
  </testcase>
  <testcase name="runScenario[&quot;Successful view of warehouse stocks&quot;, &quot;WarehouseStock CRUD&quot;](11)" classname="com.skillstorm.RunCucumberTest" time="9.129">
    <system-out><![CDATA[
@WarehouseStock
Scenario: Successful view of warehouse stocks               &amp#27;[90m# com/skillstorm/warehouseStock.feature:62&amp#27;[0m
  &amp#27;[32mGiven &amp#27;[0m&amp#27;[32mI am starting on the home page&amp#27;[0m                      &amp#27;[90m# com.skillstorm.cucumber.WarehouseStockSteps.currentlyOnTheHomePage()&amp#27;[0m
  &amp#27;[32mWhen &amp#27;[0m&amp#27;[32mI click on the Warehouse Stock option&amp#27;[0m                &amp#27;[90m# com.skillstorm.cucumber.WarehouseStockSteps.clickOnWarehouseStockOption()&amp#27;[0m
http://cim-frontend.s3-website-us-east-1.amazonaws.com/stocks
  &amp#27;[32mThen &amp#27;[0m&amp#27;[32mI should be navigated to the Warehouse Stock page&amp#27;[0m    &amp#27;[90m# com.skillstorm.cucumber.WarehouseStockSteps.shouldBeNavigatedToWarehouseStock()&amp#27;[0m
  &amp#27;[32mAnd &amp#27;[0m&amp#27;[32mI should see a list of all warehouse stocks available&amp#27;[0m &amp#27;[90m# com.skillstorm.cucumber.WarehouseStockSteps.shouldSeeListOfAllWarehouseStocks()&amp#27;[0m
]]></system-out>
    <system-err><![CDATA[Sep 04, 2024 3:05:56 PM org.openqa.selenium.devtools.CdpVersionFinder findNearestMatch
WARNING: Unable to find an exact match for CDP version 128, returning the closest version; found: 127; Please update to a Selenium version that supports CDP version 128
]]></system-err>
  </testcase>
  <testcase name="runScenario[&quot;Delete a warehouse stock&quot;, &quot;WarehouseStock CRUD&quot;](12)" classname="com.skillstorm.RunCucumberTest" time="8.071">
    <system-out><![CDATA[
@WarehouseStock
Scenario: Delete a warehouse stock                                         &amp#27;[90m# com/skillstorm/warehouseStock.feature:70&amp#27;[0m
  &amp#27;[32mGiven &amp#27;[0m&amp#27;[32mI am on the Warehouse Stock page&amp#27;[0m                                   &amp#27;[90m# com.skillstorm.cucumber.WarehouseStockSteps.onWarehouseStockPage()&amp#27;[0m
Deleted stock Id: 
  &amp#27;[32mWhen &amp#27;[0m&amp#27;[32mI click on the delete icon for the Warehouse Stock I want to delete&amp#27;[0m &amp#27;[90m# com.skillstorm.cucumber.WarehouseStockSteps.clickOnDeleteIconForWarehouseStock()&amp#27;[0m
  &amp#27;[32mThen &amp#27;[0m&amp#27;[32mthe warehouse stock should not be visible in the table&amp#27;[0m              &amp#27;[90m# com.skillstorm.cucumber.WarehouseStockSteps.warehouseStockShouldNotBeVisible()&amp#27;[0m
]]></system-out>
    <system-err><![CDATA[Sep 04, 2024 3:06:05 PM org.openqa.selenium.devtools.CdpVersionFinder findNearestMatch
WARNING: Unable to find an exact match for CDP version 128, returning the closest version; found: 127; Please update to a Selenium version that supports CDP version 128
]]></system-err>
  </testcase>
</testsuite>