<?xml version="1.0" encoding="UTF-8"?>
<!-- Generated by org.testng.reporters.JUnitReportReporter -->
<testsuite hostname="DJs-MacBook-Pro" failures="0" tests="3" name="com.skillstorm.project_one.CandyUnitTests" time="0.010" errors="0" timestamp="2024-08-30T10:28:38 EDT" skipped="0">
  <testcase classname="com.skillstorm.project_one.CandyUnitTests" name="testSetters" time="0.000"/>
  <testcase classname="com.skillstorm.project_one.CandyUnitTests" name="testGetters" time="0.007"/>
  <testcase classname="com.skillstorm.project_one.CandyUnitTests" name="testToString" time="0.003"/>
</testsuite> <!-- com.skillstorm.project_one.CandyUnitTests -->
