<?xml version="1.0" encoding="UTF-8"?>
<!-- Generated by org.testng.reporters.JUnitReportReporter -->
<testsuite hostname="DJs-MacBook-Pro" failures="0" tests="6" name="com.skillstorm.project_one.OrdersControllerTest" time="0.015" errors="0" timestamp="2024-08-28T17:03:25 EDT" skipped="0">
  <testcase classname="com.skillstorm.project_one.OrdersControllerTest" name="testFindOrdersByStatus" time="0.000"/>
  <testcase classname="com.skillstorm.project_one.OrdersControllerTest" name="testFindAllOrders" time="0.000"/>
  <testcase classname="com.skillstorm.project_one.OrdersControllerTest" name="testCreateOrders" time="0.002"/>
  <testcase classname="com.skillstorm.project_one.OrdersControllerTest" name="testFindOrdersById" time="0.000"/>
  <testcase classname="com.skillstorm.project_one.OrdersControllerTest" name="testUpdateOrders" time="0.000"/>
  <testcase classname="com.skillstorm.project_one.OrdersControllerTest" name="testDeleteOrderById" time="0.013"/>
</testsuite> <!-- com.skillstorm.project_one.OrdersControllerTest -->
