<?xml version="1.0" encoding="UTF-8"?>
<!-- Generated by org.testng.reporters.JUnitReportReporter -->
<testsuite hostname="DJs-MacBook-Pro" failures="0" tests="8" name="com.skillstorm.project_one.CandyServiceTests" time="0.038" errors="0" timestamp="2024-09-05T23:52:40 EDT" skipped="0">
  <testcase classname="com.skillstorm.project_one.CandyServiceTests" name="testCreateCandy" time="0.001"/>
  <testcase classname="com.skillstorm.project_one.CandyServiceTests" name="testDeleteCandy" time="0.000"/>
  <testcase classname="com.skillstorm.project_one.CandyServiceTests" name="testFindByType" time="0.001"/>
  <testcase classname="com.skillstorm.project_one.CandyServiceTests" name="testUpdateCandyThrowsException" time="0.031"/>
  <testcase classname="com.skillstorm.project_one.CandyServiceTests" name="testFindByFlavor" time="0.000"/>
  <testcase classname="com.skillstorm.project_one.CandyServiceTests" name="testFindAll" time="0.002"/>
  <testcase classname="com.skillstorm.project_one.CandyServiceTests" name="testFindById" time="0.001"/>
  <testcase classname="com.skillstorm.project_one.CandyServiceTests" name="testUpdateCandy" time="0.002"/>
</testsuite> <!-- com.skillstorm.project_one.CandyServiceTests -->
