<?xml version="1.0" encoding="UTF-8"?>
<!-- Generated by org.testng.reporters.JUnitReportReporter -->
<testsuite hostname="DJs-MacBook-Pro" failures="0" tests="5" name="com.skillstorm.project_one.StockControllerTest" time="0.001" errors="0" timestamp="2024-09-06T09:22:04 EDT" skipped="0">
  <testcase classname="com.skillstorm.project_one.StockControllerTest" name="testFindAllStocks" time="0.000"/>
  <testcase classname="com.skillstorm.project_one.StockControllerTest" name="testCreateStock" time="0.000"/>
  <testcase classname="com.skillstorm.project_one.StockControllerTest" name="testUpdateStock" time="0.000"/>
  <testcase classname="com.skillstorm.project_one.StockControllerTest" name="testDeleteStock" time="0.000"/>
  <testcase classname="com.skillstorm.project_one.StockControllerTest" name="testGetStocksByWarehouse" time="0.001"/>
</testsuite> <!-- com.skillstorm.project_one.StockControllerTest -->
