<?xml version="1.0" encoding="UTF-8"?>
<!-- Generated by org.testng.reporters.JUnitReportReporter -->
<testsuite hostname="DJs-MacBook-Pro" failures="0" tests="11" name="com.skillstorm.project_one.StockServiceTest" time="0.014" errors="0" timestamp="2024-08-30T10:28:38 EDT" skipped="0">
  <testcase classname="com.skillstorm.project_one.StockServiceTest" name="testCreateStockCandyNotFound" time="0.002"/>
  <testcase classname="com.skillstorm.project_one.StockServiceTest" name="testCreateStockCandyEmpty" time="0.002"/>
  <testcase classname="com.skillstorm.project_one.StockServiceTest" name="testCreateStockWarehouseEmpty" time="0.000"/>
  <testcase classname="com.skillstorm.project_one.StockServiceTest" name="testUpdateStock" time="0.000"/>
  <testcase classname="com.skillstorm.project_one.StockServiceTest" name="testDeleteStockNotFound" time="0.002"/>
  <testcase classname="com.skillstorm.project_one.StockServiceTest" name="testDeleteStock" time="0.001"/>
  <testcase classname="com.skillstorm.project_one.StockServiceTest" name="testGetStocksByWarehouse" time="0.002"/>
  <testcase classname="com.skillstorm.project_one.StockServiceTest" name="testUpdateStockStockNotFound" time="0.000"/>
  <testcase classname="com.skillstorm.project_one.StockServiceTest" name="testGetAllStockDTO" time="0.002"/>
  <testcase classname="com.skillstorm.project_one.StockServiceTest" name="testCreateStock" time="0.002"/>
  <testcase classname="com.skillstorm.project_one.StockServiceTest" name="testCreateStockWarehouseNotFound" time="0.001"/>
</testsuite> <!-- com.skillstorm.project_one.StockServiceTest -->
