<?xml version="1.0" encoding="UTF-8"?>
<!-- Generated by org.testng.reporters.JUnitReportReporter -->
<testsuite hostname="DJs-MacBook-Pro" failures="0" tests="6" name="com.skillstorm.project_one.WarehouseServiceTest" time="0.003" errors="0" timestamp="2024-09-05T23:12:29 EDT" skipped="0">
  <testcase classname="com.skillstorm.project_one.WarehouseServiceTest" name="testFindAll" time="0.000"/>
  <testcase classname="com.skillstorm.project_one.WarehouseServiceTest" name="testDeleteWarehouse" time="0.000"/>
  <testcase classname="com.skillstorm.project_one.WarehouseServiceTest" name="testCreateWarehouse" time="0.001"/>
  <testcase classname="com.skillstorm.project_one.WarehouseServiceTest" name="testUpdateStockForWarehouse" time="0.001"/>
  <testcase classname="com.skillstorm.project_one.WarehouseServiceTest" name="testFindById" time="0.001"/>
  <testcase classname="com.skillstorm.project_one.WarehouseServiceTest" name="testSuccessfulUpdateWarehouse" time="0.000"/>
</testsuite> <!-- com.skillstorm.project_one.WarehouseServiceTest -->
