<?xml version="1.0" encoding="UTF-8"?>
<!-- Generated by org.testng.reporters.JUnitReportReporter -->
<testsuite hostname="DJs-MacBook-Pro" failures="0" tests="5" name="com.skillstorm.project_one.OrderItemServiceTest" time="0.034" errors="0" timestamp="2024-09-05T23:52:40 EDT" skipped="0">
  <testcase classname="com.skillstorm.project_one.OrderItemServiceTest" name="testDeleteOrderItem" time="0.002"/>
  <testcase classname="com.skillstorm.project_one.OrderItemServiceTest" name="testUpdateOrderItem_Success" time="0.003"/>
  <testcase classname="com.skillstorm.project_one.OrderItemServiceTest" name="testFindAll" time="0.000"/>
  <testcase classname="com.skillstorm.project_one.OrderItemServiceTest" name="testFindByOrderId" time="0.028"/>
  <testcase classname="com.skillstorm.project_one.OrderItemServiceTest" name="testCreateOrderItem_Success" time="0.001"/>
</testsuite> <!-- com.skillstorm.project_one.OrderItemServiceTest -->
