<?xml version="1.0" encoding="UTF-8"?>
<!-- Generated by org.testng.reporters.JUnitReportReporter -->
<testsuite hostname="DJs-MacBook-Pro" failures="0" tests="7" name="com.skillstorm.project_one.StockTest" time="0.049" errors="0" timestamp="2024-08-28T13:57:28 EDT" skipped="0">
  <testcase classname="com.skillstorm.project_one.StockTest" name="testGetAndSetCandy" time="0.001"/>
  <testcase classname="com.skillstorm.project_one.StockTest" name="testGetAndSetId" time="0.001"/>
  <testcase classname="com.skillstorm.project_one.StockTest" name="testGetCandyId" time="0.002"/>
  <testcase classname="com.skillstorm.project_one.StockTest" name="testToString" time="0.003"/>
  <testcase classname="com.skillstorm.project_one.StockTest" name="testGetWarehouseId" time="0.002"/>
  <testcase classname="com.skillstorm.project_one.StockTest" name="testGetAndSetQuantity" time="0.039"/>
  <testcase classname="com.skillstorm.project_one.StockTest" name="testGetAndSetWarehouse" time="0.001"/>
</testsuite> <!-- com.skillstorm.project_one.StockTest -->
