<?xml version="1.0" encoding="UTF-8"?>
<!-- Generated by org.testng.reporters.JUnitReportReporter -->
<testsuite hostname="DJs-MacBook-Pro" failures="0" tests="6" name="com.skillstorm.project_one.OrderItemServiceTest" time="0.043" errors="0" timestamp="2024-08-28T15:24:19 EDT" skipped="0">
  <testcase classname="com.skillstorm.project_one.OrderItemServiceTest" name="testFindByOrderId" time="0.000"/>
  <testcase classname="com.skillstorm.project_one.OrderItemServiceTest" name="testUpdateOrderItem_Success" time="0.002"/>
  <testcase classname="com.skillstorm.project_one.OrderItemServiceTest" name="testFindAll" time="0.002"/>
  <testcase classname="com.skillstorm.project_one.OrderItemServiceTest" name="testCreateOrderItem_Success" time="0.001"/>
  <testcase classname="com.skillstorm.project_one.OrderItemServiceTest" name="testCreateOrderItem_CandyNotFound" time="0.036"/>
  <testcase classname="com.skillstorm.project_one.OrderItemServiceTest" name="testDeleteOrderItem" time="0.002"/>
</testsuite> <!-- com.skillstorm.project_one.OrderItemServiceTest -->
