<?xml version="1.0" encoding="UTF-8"?>
<!-- Generated by org.testng.reporters.JUnitReportReporter -->
<testsuite hostname="DJs-MacBook-Pro" failures="0" tests="3" name="com.skillstorm.project_one.WarehouseServiceTest" time="0.001" errors="0" timestamp="2024-08-29T00:39:18 EDT" skipped="0">
  <testcase classname="com.skillstorm.project_one.WarehouseServiceTest" name="testFindById" time="0.001"/>
  <testcase classname="com.skillstorm.project_one.WarehouseServiceTest" name="testDeleteWarehouse" time="0.000"/>
  <testcase classname="com.skillstorm.project_one.WarehouseServiceTest" name="testFindAll" time="0.000"/>
</testsuite> <!-- com.skillstorm.project_one.WarehouseServiceTest -->
