<?xml version="1.0" encoding="UTF-8"?>
<!-- Generated by org.testng.reporters.JUnitReportReporter -->
<testsuite hostname="DJs-MacBook-Pro" failures="0" tests="4" name="com.skillstorm.project_one.OrderItemControllerTest" time="0.017" errors="0" timestamp="2024-09-03T15:41:36 EDT" skipped="0">
  <testcase classname="com.skillstorm.project_one.OrderItemControllerTest" name="testDeleteOrderItem" time="0.013"/>
  <testcase classname="com.skillstorm.project_one.OrderItemControllerTest" name="testCreateOrderItem" time="0.002"/>
  <testcase classname="com.skillstorm.project_one.OrderItemControllerTest" name="testFindAll" time="0.001"/>
  <testcase classname="com.skillstorm.project_one.OrderItemControllerTest" name="testUpdateOrderItem" time="0.001"/>
</testsuite> <!-- com.skillstorm.project_one.OrderItemControllerTest -->
