<?xml version="1.0" encoding="UTF-8"?>
<!-- Generated by org.testng.reporters.JUnitReportReporter -->
<testsuite hostname="DJs-MacBook-Pro" failures="0" tests="3" name="com.skillstorm.project_one.OrderUnitTests" time="0.001" errors="0" timestamp="2024-09-05T23:12:29 EDT" skipped="0">
  <testcase classname="com.skillstorm.project_one.OrderUnitTests" name="testSetters" time="0.000"/>
  <testcase classname="com.skillstorm.project_one.OrderUnitTests" name="testToString" time="0.000"/>
  <testcase classname="com.skillstorm.project_one.OrderUnitTests" name="testGetters" time="0.001"/>
</testsuite> <!-- com.skillstorm.project_one.OrderUnitTests -->
