<?xml version="1.0" encoding="UTF-8"?>
<!-- Generated by org.testng.reporters.JUnitReportReporter -->
<testsuite hostname="DJs-MacBook-Pro" failures="0" tests="8" name="com.skillstorm.project_one.CandyServiceTests" time="0.086" errors="0" timestamp="2024-08-28T17:03:25 EDT" skipped="0">
  <testcase classname="com.skillstorm.project_one.CandyServiceTests" name="testDeleteCandy" time="0.001"/>
  <testcase classname="com.skillstorm.project_one.CandyServiceTests" name="testUpdateCandyThrowsException" time="0.003"/>
  <testcase classname="com.skillstorm.project_one.CandyServiceTests" name="testUpdateCandy" time="0.001"/>
  <testcase classname="com.skillstorm.project_one.CandyServiceTests" name="testCreateCandy" time="0.040"/>
  <testcase classname="com.skillstorm.project_one.CandyServiceTests" name="testFindByType" time="0.002"/>
  <testcase classname="com.skillstorm.project_one.CandyServiceTests" name="testFindById" time="0.004"/>
  <testcase classname="com.skillstorm.project_one.CandyServiceTests" name="testFindAll" time="0.034"/>
  <testcase classname="com.skillstorm.project_one.CandyServiceTests" name="testFindByFlavor" time="0.001"/>
</testsuite> <!-- com.skillstorm.project_one.CandyServiceTests -->
