<?xml version="1.0" encoding="UTF-8"?>
<!-- Generated by org.testng.reporters.JUnitReportReporter -->
<testsuite hostname="DJs-MacBook-Pro" failures="0" tests="5" name="com.skillstorm.project_one.WarehouseModelTest" time="0.002" errors="0" timestamp="2024-08-30T10:28:38 EDT" skipped="0">
  <testcase classname="com.skillstorm.project_one.WarehouseModelTest" name="testSetCapacityAndGetCapacity" time="0.000"/>
  <testcase classname="com.skillstorm.project_one.WarehouseModelTest" name="testSetLocationAndGetLocation" time="0.000"/>
  <testcase classname="com.skillstorm.project_one.WarehouseModelTest" name="testWarehouseToString" time="0.002"/>
  <testcase classname="com.skillstorm.project_one.WarehouseModelTest" name="testSetIdAndGetId" time="0.000"/>
  <testcase classname="com.skillstorm.project_one.WarehouseModelTest" name="testSetCurrentStockAndGetCurrentStock" time="0.000"/>
</testsuite> <!-- com.skillstorm.project_one.WarehouseModelTest -->
