<?xml version="1.0" encoding="UTF-8"?>
<!-- Generated by org.testng.reporters.JUnitReportReporter -->
<testsuite hostname="DJs-MacBook-Pro" failures="0" tests="6" name="com.skillstorm.project_one.OrdersServiceTest" time="0.002" errors="0" timestamp="2024-09-06T09:22:04 EDT" skipped="0">
  <testcase classname="com.skillstorm.project_one.OrdersServiceTest" name="testDeleteOrder" time="0.001"/>
  <testcase classname="com.skillstorm.project_one.OrdersServiceTest" name="testGetOrdersById" time="0.000"/>
  <testcase classname="com.skillstorm.project_one.OrdersServiceTest" name="testCreateOrders" time="0.000"/>
  <testcase classname="com.skillstorm.project_one.OrdersServiceTest" name="testUpdateOrders" time="0.000"/>
  <testcase classname="com.skillstorm.project_one.OrdersServiceTest" name="testFindAll" time="0.000"/>
  <testcase classname="com.skillstorm.project_one.OrdersServiceTest" name="testFindByStatus" time="0.001"/>
</testsuite> <!-- com.skillstorm.project_one.OrdersServiceTest -->
