<?xml version="1.0" encoding="UTF-8"?>
<!-- Generated by org.testng.reporters.JUnitReportReporter -->
<testsuite hostname="DJs-MacBook-Pro" failures="0" tests="3" name="com.skillstorm.project_one.OrderItemDTOUnitTests" time="0.010" errors="0" timestamp="2024-08-28T13:57:28 EDT" skipped="0">
  <testcase classname="com.skillstorm.project_one.OrderItemDTOUnitTests" name="testGettersAndSetters" time="0.000"/>
  <testcase classname="com.skillstorm.project_one.OrderItemDTOUnitTests" name="testConstructor" time="0.008"/>
  <testcase classname="com.skillstorm.project_one.OrderItemDTOUnitTests" name="testToString" time="0.002"/>
</testsuite> <!-- com.skillstorm.project_one.OrderItemDTOUnitTests -->
