<?xml version="1.0" encoding="UTF-8"?>
<!-- Generated by org.testng.reporters.JUnitReportReporter -->
<testsuite hostname="DJs-MacBook-Pro" failures="0" tests="7" name="com.skillstorm.project_one.StockTest" time="0.036" errors="0" timestamp="2024-08-28T15:24:19 EDT" skipped="0">
  <testcase classname="com.skillstorm.project_one.StockTest" name="testGetAndSetCandy" time="0.001"/>
  <testcase classname="com.skillstorm.project_one.StockTest" name="testGetAndSetQuantity" time="0.001"/>
  <testcase classname="com.skillstorm.project_one.StockTest" name="testToString" time="0.000"/>
  <testcase classname="com.skillstorm.project_one.StockTest" name="testGetWarehouseId" time="0.001"/>
  <testcase classname="com.skillstorm.project_one.StockTest" name="testGetAndSetId" time="0.032"/>
  <testcase classname="com.skillstorm.project_one.StockTest" name="testGetAndSetWarehouse" time="0.001"/>
  <testcase classname="com.skillstorm.project_one.StockTest" name="testGetCandyId" time="0.000"/>
</testsuite> <!-- com.skillstorm.project_one.StockTest -->
