<?xml version="1.0" encoding="UTF-8"?>
<!-- Generated by org.testng.reporters.JUnitReportReporter -->
<testsuite hostname="DJs-MacBook-Pro" failures="0" tests="3" name="com.skillstorm.project_one.OrderItemUnitTests" time="0.002" errors="0" timestamp="2024-08-28T17:03:25 EDT" skipped="0">
  <testcase classname="com.skillstorm.project_one.OrderItemUnitTests" name="testSetters" time="0.000"/>
  <testcase classname="com.skillstorm.project_one.OrderItemUnitTests" name="testGetters" time="0.001"/>
  <testcase classname="com.skillstorm.project_one.OrderItemUnitTests" name="testToString" time="0.001"/>
</testsuite> <!-- com.skillstorm.project_one.OrderItemUnitTests -->
