<?xml version="1.0" encoding="UTF-8"?>
<!-- Generated by org.testng.reporters.JUnitReportReporter -->
<testsuite hostname="DJs-MacBook-Pro" failures="0" tests="6" name="com.skillstorm.project_one.OrdersControllerTest" time="0.001" errors="0" timestamp="2024-09-03T15:41:36 EDT" skipped="0">
  <testcase classname="com.skillstorm.project_one.OrdersControllerTest" name="testFindAllOrders" time="0.000"/>
  <testcase classname="com.skillstorm.project_one.OrdersControllerTest" name="testUpdateOrders" time="0.000"/>
  <testcase classname="com.skillstorm.project_one.OrdersControllerTest" name="testFindOrdersByStatus" time="0.000"/>
  <testcase classname="com.skillstorm.project_one.OrdersControllerTest" name="testCreateOrders" time="0.001"/>
  <testcase classname="com.skillstorm.project_one.OrdersControllerTest" name="testFindOrdersById" time="0.000"/>
  <testcase classname="com.skillstorm.project_one.OrdersControllerTest" name="testDeleteOrderById" time="0.000"/>
</testsuite> <!-- com.skillstorm.project_one.OrdersControllerTest -->
