<?xml version="1.0" encoding="UTF-8"?>
<!-- Generated by org.testng.reporters.JUnitReportReporter -->
<testsuite hostname="DJs-MacBook-Pro" failures="0" tests="1" name="com.skillstorm.project_one.GlobalExceptionHandlerTest" time="0.006" errors="0" timestamp="2024-09-06T09:22:03 EDT" skipped="0">
  <testcase classname="com.skillstorm.project_one.GlobalExceptionHandlerTest" name="testHandleValidationError" time="0.006"/>
</testsuite> <!-- com.skillstorm.project_one.GlobalExceptionHandlerTest -->
