<?xml version="1.0" encoding="UTF-8"?>
<!-- Generated by org.testng.reporters.JUnitReportReporter -->
<testsuite hostname="DJs-MacBook-Pro" failures="0" tests="7" name="com.skillstorm.project_one.CandyControllerTest" time="0.045" errors="0" timestamp="2024-09-05T23:52:40 EDT" skipped="0">
  <testcase classname="com.skillstorm.project_one.CandyControllerTest" name="testGetByFlavor" time="0.002"/>
  <testcase classname="com.skillstorm.project_one.CandyControllerTest" name="testUpdateCandy" time="0.001"/>
  <testcase classname="com.skillstorm.project_one.CandyControllerTest" name="testGetCandyById" time="0.002"/>
  <testcase classname="com.skillstorm.project_one.CandyControllerTest" name="testGetAllCandy" time="0.000"/>
  <testcase classname="com.skillstorm.project_one.CandyControllerTest" name="testCreateCandy" time="0.018"/>
  <testcase classname="com.skillstorm.project_one.CandyControllerTest" name="testDeleteCandyById" time="0.009"/>
  <testcase classname="com.skillstorm.project_one.CandyControllerTest" name="testGetCandyByType" time="0.013"/>
</testsuite> <!-- com.skillstorm.project_one.CandyControllerTest -->
