<?xml version="1.0" encoding="UTF-8"?>
<!-- Generated by org.testng.reporters.JUnitReportReporter -->
<testsuite hostname="DJs-MacBook-Pro" failures="0" tests="3" name="com.skillstorm.project_one.StockDTOUnitTests" time="0.002" errors="0" timestamp="2024-08-30T10:28:38 EDT" skipped="0">
  <testcase classname="com.skillstorm.project_one.StockDTOUnitTests" name="testGettersAndSetters" time="0.001"/>
  <testcase classname="com.skillstorm.project_one.StockDTOUnitTests" name="testToString" time="0.001"/>
  <testcase classname="com.skillstorm.project_one.StockDTOUnitTests" name="testConstructor" time="0.000"/>
</testsuite> <!-- com.skillstorm.project_one.StockDTOUnitTests -->
