<?xml version="1.0" encoding="UTF-8"?>
<!-- Generated by org.testng.reporters.JUnitReportReporter -->
<testsuite hostname="DJs-MacBook-Pro" failures="0" tests="3" name="com.skillstorm.project_one.CandyUnitTests" time="0.015" errors="0" timestamp="2024-08-28T13:57:28 EDT" skipped="0">
  <testcase classname="com.skillstorm.project_one.CandyUnitTests" name="testGetters" time="0.011"/>
  <testcase classname="com.skillstorm.project_one.CandyUnitTests" name="testToString" time="0.004"/>
  <testcase classname="com.skillstorm.project_one.CandyUnitTests" name="testSetters" time="0.000"/>
</testsuite> <!-- com.skillstorm.project_one.CandyUnitTests -->
