<?xml version="1.0" encoding="UTF-8"?>
<!-- Generated by org.testng.reporters.JUnitReportReporter -->
<testsuite hostname="DJs-MacBook-Pro" failures="0" tests="4" name="com.skillstorm.project_one.WarehouseControllerTest" time="0.002" errors="0" timestamp="2024-08-28T15:24:19 EDT" skipped="0">
  <testcase classname="com.skillstorm.project_one.WarehouseControllerTest" name="testUpdateWarehouse" time="0.000"/>
  <testcase classname="com.skillstorm.project_one.WarehouseControllerTest" name="testGetAllWarehouses" time="0.001"/>
  <testcase classname="com.skillstorm.project_one.WarehouseControllerTest" name="testDeleteWarehouse" time="0.000"/>
  <testcase classname="com.skillstorm.project_one.WarehouseControllerTest" name="testCreateWarehouse" time="0.001"/>
</testsuite> <!-- com.skillstorm.project_one.WarehouseControllerTest -->
