<?xml version="1.0" encoding="UTF-8"?>
<!-- Generated by org.testng.reporters.JUnitReportReporter -->
<testsuite hostname="DJs-MacBook-Pro" failures="0" tests="1" name="com.skillstorm.project_one.StockServiceTest" time="0.029" errors="0" timestamp="2024-08-29T00:39:18 EDT" skipped="0">
  <testcase classname="com.skillstorm.project_one.StockServiceTest" name="testGetAllStockDTO" time="0.029"/>
</testsuite> <!-- com.skillstorm.project_one.StockServiceTest -->
