<?xml version="1.0" encoding="UTF-8"?>
<!-- Generated by org.testng.reporters.JUnitReportReporter -->
<testsuite hostname="DJs-MacBook-Pro" failures="0" tests="13" name="com.skillstorm.RunCucumberTest" time="198.073" errors="0" timestamp="2024-09-05T21:30:05 EDT" skipped="0">
  <testcase classname="com.skillstorm.RunCucumberTest" name="runScenario" time="16.879"/>
  <testcase classname="com.skillstorm.RunCucumberTest" name="runScenario" time="15.415"/>
  <testcase classname="com.skillstorm.RunCucumberTest" name="runScenario" time="14.320"/>
  <testcase classname="com.skillstorm.RunCucumberTest" name="runScenario" time="16.505"/>
  <testcase classname="com.skillstorm.RunCucumberTest" name="runScenario" time="16.601"/>
  <testcase classname="com.skillstorm.RunCucumberTest" name="runScenario" time="15.370"/>
  <testcase classname="com.skillstorm.RunCucumberTest" name="runScenario" time="16.561"/>
  <testcase classname="com.skillstorm.RunCucumberTest" name="runScenario" time="16.574"/>
  <testcase classname="com.skillstorm.RunCucumberTest" name="runScenario" time="15.411"/>
  <testcase classname="com.skillstorm.RunCucumberTest" name="runScenario" time="15.414"/>
  <testcase classname="com.skillstorm.RunCucumberTest" name="runScenario" time="8.102"/>
  <testcase classname="com.skillstorm.RunCucumberTest" name="runScenario" time="16.579"/>
  <testcase classname="com.skillstorm.RunCucumberTest" name="runScenario" time="14.342"/>
</testsuite> <!-- com.skillstorm.RunCucumberTest -->
