<?xml version="1.0" encoding="UTF-8"?>
<!-- Generated by org.testng.reporters.JUnitReportReporter -->
<testsuite hostname="DJs-MacBook-Pro" failures="0" tests="13" name="com.skillstorm.RunCucumberTest" time="136.019" errors="0" timestamp="2024-09-06T12:32:10 EDT" skipped="0">
  <testcase classname="com.skillstorm.RunCucumberTest" name="runScenario" time="10.870"/>
  <testcase classname="com.skillstorm.RunCucumberTest" name="runScenario" time="10.823"/>
  <testcase classname="com.skillstorm.RunCucumberTest" name="runScenario" time="10.192"/>
  <testcase classname="com.skillstorm.RunCucumberTest" name="runScenario" time="10.875"/>
  <testcase classname="com.skillstorm.RunCucumberTest" name="runScenario" time="10.867"/>
  <testcase classname="com.skillstorm.RunCucumberTest" name="runScenario" time="10.842"/>
  <testcase classname="com.skillstorm.RunCucumberTest" name="runScenario" time="10.843"/>
  <testcase classname="com.skillstorm.RunCucumberTest" name="runScenario" time="12.122"/>
  <testcase classname="com.skillstorm.RunCucumberTest" name="runScenario" time="12.804"/>
  <testcase classname="com.skillstorm.RunCucumberTest" name="runScenario" time="10.860"/>
  <testcase classname="com.skillstorm.RunCucumberTest" name="runScenario" time="7.051"/>
  <testcase classname="com.skillstorm.RunCucumberTest" name="runScenario" time="10.922"/>
  <testcase classname="com.skillstorm.RunCucumberTest" name="runScenario" time="6.948"/>
</testsuite> <!-- com.skillstorm.RunCucumberTest -->
