<?xml version="1.0" encoding="UTF-8"?>
<!-- Generated by org.testng.reporters.JUnitReportReporter -->
<testsuite hostname="DJs-MacBook-Pro" failures="0" tests="13" name="com.skillstorm.RunCucumberTest" time="170.607" errors="0" timestamp="2024-09-06T10:02:24 EDT" skipped="0">
  <testcase classname="com.skillstorm.RunCucumberTest" name="runScenario" time="8.264"/>
  <testcase classname="com.skillstorm.RunCucumberTest" name="runScenario" time="13.656"/>
  <testcase classname="com.skillstorm.RunCucumberTest" name="runScenario" time="8.227"/>
  <testcase classname="com.skillstorm.RunCucumberTest" name="runScenario" time="13.570"/>
  <testcase classname="com.skillstorm.RunCucumberTest" name="runScenario" time="16.140"/>
  <testcase classname="com.skillstorm.RunCucumberTest" name="runScenario" time="13.714"/>
  <testcase classname="com.skillstorm.RunCucumberTest" name="runScenario" time="13.870"/>
  <testcase classname="com.skillstorm.RunCucumberTest" name="runScenario" time="15.549"/>
  <testcase classname="com.skillstorm.RunCucumberTest" name="runScenario" time="13.678"/>
  <testcase classname="com.skillstorm.RunCucumberTest" name="runScenario" time="13.821"/>
  <testcase classname="com.skillstorm.RunCucumberTest" name="runScenario" time="13.722"/>
  <testcase classname="com.skillstorm.RunCucumberTest" name="runScenario" time="13.627"/>
  <testcase classname="com.skillstorm.RunCucumberTest" name="runScenario" time="12.769"/>
</testsuite> <!-- com.skillstorm.RunCucumberTest -->
