<?xml version="1.0" encoding="UTF-8"?>
<!-- Generated by org.testng.reporters.JUnitReportReporter -->
<testsuite hostname="DJs-MacBook-Pro" failures="0" tests="83" name="com.skillstorm.RunCucumberTest" time="1010.498" errors="0" timestamp="2024-09-05T18:13:53 EDT" skipped="0">
  <testcase classname="com.skillstorm.RunCucumberTest" name="runScenario" time="10.223"/>
  <testcase classname="com.skillstorm.RunCucumberTest" name="runScenario" time="12.071"/>
  <testcase classname="com.skillstorm.RunCucumberTest" name="runScenario" time="8.162"/>
  <testcase classname="com.skillstorm.RunCucumberTest" name="runScenario" time="13.626"/>
  <testcase classname="com.skillstorm.RunCucumberTest" name="runScenario" time="10.532"/>
  <testcase classname="com.skillstorm.RunCucumberTest" name="runScenario" time="13.887"/>
  <testcase classname="com.skillstorm.RunCucumberTest" name="runScenario" time="8.039"/>
  <testcase classname="com.skillstorm.RunCucumberTest" name="runScenario" time="12.409"/>
  <testcase classname="com.skillstorm.RunCucumberTest" name="runScenario" time="8.184"/>
  <testcase classname="com.skillstorm.RunCucumberTest" name="runScenario" time="12.594"/>
  <testcase classname="com.skillstorm.RunCucumberTest" name="runScenario" time="12.942"/>
  <testcase classname="com.skillstorm.RunCucumberTest" name="runScenario" time="9.515"/>
  <testcase classname="com.skillstorm.RunCucumberTest" name="runScenario" time="14.179"/>
  <testcase classname="com.skillstorm.RunCucumberTest" name="runScenario" time="9.159"/>
  <testcase classname="com.skillstorm.RunCucumberTest" name="runScenario" time="8.144"/>
  <testcase classname="com.skillstorm.RunCucumberTest" name="runScenario" time="8.321"/>
  <testcase classname="com.skillstorm.RunCucumberTest" name="runScenario" time="16.594"/>
  <testcase classname="com.skillstorm.RunCucumberTest" name="runScenario" time="12.996"/>
  <testcase classname="com.skillstorm.RunCucumberTest" name="runScenario" time="16.595"/>
  <testcase classname="com.skillstorm.RunCucumberTest" name="runScenario" time="11.867"/>
  <testcase classname="com.skillstorm.RunCucumberTest" name="runScenario" time="8.151"/>
  <testcase classname="com.skillstorm.RunCucumberTest" name="runScenario" time="8.135"/>
  <testcase classname="com.skillstorm.RunCucumberTest" name="runScenario" time="10.462"/>
  <testcase classname="com.skillstorm.RunCucumberTest" name="runScenario" time="13.600"/>
  <testcase classname="com.skillstorm.RunCucumberTest" name="runScenario" time="13.559"/>
  <testcase classname="com.skillstorm.RunCucumberTest" name="runScenario" time="16.731"/>
  <testcase classname="com.skillstorm.RunCucumberTest" name="runScenario" time="16.670"/>
  <testcase classname="com.skillstorm.RunCucumberTest" name="runScenario" time="9.354"/>
  <testcase classname="com.skillstorm.RunCucumberTest" name="runScenario" time="13.576"/>
  <testcase classname="com.skillstorm.RunCucumberTest" name="runScenario" time="13.644"/>
  <testcase classname="com.skillstorm.RunCucumberTest" name="runScenario" time="10.170"/>
  <testcase classname="com.skillstorm.RunCucumberTest" name="runScenario" time="11.970"/>
  <testcase classname="com.skillstorm.RunCucumberTest" name="runScenario" time="14.378"/>
  <testcase classname="com.skillstorm.RunCucumberTest" name="runScenario" time="14.414"/>
  <testcase classname="com.skillstorm.RunCucumberTest" name="runScenario" time="13.659"/>
  <testcase classname="com.skillstorm.RunCucumberTest" name="runScenario" time="12.483"/>
  <testcase classname="com.skillstorm.RunCucumberTest" name="runScenario" time="10.169"/>
  <testcase classname="com.skillstorm.RunCucumberTest" name="runScenario" time="16.782"/>
  <testcase classname="com.skillstorm.RunCucumberTest" name="runScenario" time="13.921"/>
  <testcase classname="com.skillstorm.RunCucumberTest" name="runScenario" time="14.236"/>
  <testcase classname="com.skillstorm.RunCucumberTest" name="runScenario" time="16.479"/>
  <testcase classname="com.skillstorm.RunCucumberTest" name="runScenario" time="8.239"/>
  <testcase classname="com.skillstorm.RunCucumberTest" name="runScenario" time="14.263"/>
  <testcase classname="com.skillstorm.RunCucumberTest" name="runScenario" time="11.121"/>
  <testcase classname="com.skillstorm.RunCucumberTest" name="runScenario" time="12.347"/>
  <testcase classname="com.skillstorm.RunCucumberTest" name="runScenario" time="14.153"/>
  <testcase classname="com.skillstorm.RunCucumberTest" name="runScenario" time="14.125"/>
  <testcase classname="com.skillstorm.RunCucumberTest" name="runScenario" time="11.404"/>
  <testcase classname="com.skillstorm.RunCucumberTest" name="runScenario" time="8.182"/>
  <testcase classname="com.skillstorm.RunCucumberTest" name="runScenario" time="11.286"/>
  <testcase classname="com.skillstorm.RunCucumberTest" name="runScenario" time="16.718"/>
  <testcase classname="com.skillstorm.RunCucumberTest" name="runScenario" time="10.141"/>
  <testcase classname="com.skillstorm.RunCucumberTest" name="runScenario" time="15.112"/>
  <testcase classname="com.skillstorm.RunCucumberTest" name="runScenario" time="8.041"/>
  <testcase classname="com.skillstorm.RunCucumberTest" name="runScenario" time="16.691"/>
  <testcase classname="com.skillstorm.RunCucumberTest" name="runScenario" time="9.057"/>
  <testcase classname="com.skillstorm.RunCucumberTest" name="runScenario" time="13.409"/>
  <testcase classname="com.skillstorm.RunCucumberTest" name="runScenario" time="16.620"/>
  <testcase classname="com.skillstorm.RunCucumberTest" name="runScenario" time="14.286"/>
  <testcase classname="com.skillstorm.RunCucumberTest" name="runScenario" time="12.445"/>
  <testcase classname="com.skillstorm.RunCucumberTest" name="runScenario" time="12.544"/>
  <testcase classname="com.skillstorm.RunCucumberTest" name="runScenario" time="10.205"/>
  <testcase classname="com.skillstorm.RunCucumberTest" name="runScenario" time="16.802"/>
  <testcase classname="com.skillstorm.RunCucumberTest" name="runScenario" time="8.186"/>
  <testcase classname="com.skillstorm.RunCucumberTest" name="runScenario" time="14.473"/>
  <testcase classname="com.skillstorm.RunCucumberTest" name="runScenario" time="13.512"/>
  <testcase classname="com.skillstorm.RunCucumberTest" name="runScenario" time="10.260"/>
  <testcase classname="com.skillstorm.RunCucumberTest" name="runScenario" time="9.238"/>
  <testcase classname="com.skillstorm.RunCucumberTest" name="runScenario" time="12.321"/>
  <testcase classname="com.skillstorm.RunCucumberTest" name="runScenario" time="16.770"/>
  <testcase classname="com.skillstorm.RunCucumberTest" name="runScenario" time="9.206"/>
  <testcase classname="com.skillstorm.RunCucumberTest" name="runScenario" time="7.114"/>
  <testcase classname="com.skillstorm.RunCucumberTest" name="runScenario" time="10.154"/>
  <testcase classname="com.skillstorm.RunCucumberTest" name="runScenario" time="16.796"/>
  <testcase classname="com.skillstorm.RunCucumberTest" name="runScenario" time="13.073"/>
  <testcase classname="com.skillstorm.RunCucumberTest" name="runScenario" time="10.188"/>
  <testcase classname="com.skillstorm.RunCucumberTest" name="runScenario" time="11.133"/>
  <testcase classname="com.skillstorm.RunCucumberTest" name="runScenario" time="8.152"/>
  <testcase classname="com.skillstorm.RunCucumberTest" name="runScenario" time="12.893"/>
  <testcase classname="com.skillstorm.RunCucumberTest" name="runScenario" time="13.557"/>
  <testcase classname="com.skillstorm.RunCucumberTest" name="runScenario" time="14.945"/>
  <testcase classname="com.skillstorm.RunCucumberTest" name="runScenario" time="9.451"/>
  <testcase classname="com.skillstorm.RunCucumberTest" name="runScenario" time="9.303"/>
</testsuite> <!-- com.skillstorm.RunCucumberTest -->
