<?xml version="1.0" encoding="UTF-8"?>
<!-- Generated by org.testng.reporters.JUnitReportReporter -->
<testsuite hostname="DJs-MacBook-Pro" failures="0" tests="1" name="com.skillstorm.Test.TestRunner" time="1.072" errors="0" timestamp="2024-08-19T14:46:12 EDT" skipped="0">
  <testcase classname="com.skillstorm.Test.TestRunner" name="runScenario" time="1.072"/>
</testsuite> <!-- com.skillstorm.Test.TestRunner -->
