<?xml version="1.0" encoding="UTF-8"?>
<!-- Generated by org.testng.reporters.JUnitReportReporter -->
<testsuite hostname="DJs-MacBook-Pro" failures="0" tests="83" name="com.skillstorm.RunCucumberTest" time="1008.714" errors="0" timestamp="2024-09-05T19:49:20 EDT" skipped="0">
  <testcase classname="com.skillstorm.RunCucumberTest" name="runScenario" time="12.421"/>
  <testcase classname="com.skillstorm.RunCucumberTest" name="runScenario" time="14.170"/>
  <testcase classname="com.skillstorm.RunCucumberTest" name="runScenario" time="10.153"/>
  <testcase classname="com.skillstorm.RunCucumberTest" name="runScenario" time="14.019"/>
  <testcase classname="com.skillstorm.RunCucumberTest" name="runScenario" time="13.531"/>
  <testcase classname="com.skillstorm.RunCucumberTest" name="runScenario" time="16.771"/>
  <testcase classname="com.skillstorm.RunCucumberTest" name="runScenario" time="9.429"/>
  <testcase classname="com.skillstorm.RunCucumberTest" name="runScenario" time="13.545"/>
  <testcase classname="com.skillstorm.RunCucumberTest" name="runScenario" time="14.182"/>
  <testcase classname="com.skillstorm.RunCucumberTest" name="runScenario" time="16.537"/>
  <testcase classname="com.skillstorm.RunCucumberTest" name="runScenario" time="10.248"/>
  <testcase classname="com.skillstorm.RunCucumberTest" name="runScenario" time="14.282"/>
  <testcase classname="com.skillstorm.RunCucumberTest" name="runScenario" time="8.158"/>
  <testcase classname="com.skillstorm.RunCucumberTest" name="runScenario" time="12.368"/>
  <testcase classname="com.skillstorm.RunCucumberTest" name="runScenario" time="9.292"/>
  <testcase classname="com.skillstorm.RunCucumberTest" name="runScenario" time="16.761"/>
  <testcase classname="com.skillstorm.RunCucumberTest" name="runScenario" time="16.569"/>
  <testcase classname="com.skillstorm.RunCucumberTest" name="runScenario" time="13.421"/>
  <testcase classname="com.skillstorm.RunCucumberTest" name="runScenario" time="11.174"/>
  <testcase classname="com.skillstorm.RunCucumberTest" name="runScenario" time="12.586"/>
  <testcase classname="com.skillstorm.RunCucumberTest" name="runScenario" time="8.028"/>
  <testcase classname="com.skillstorm.RunCucumberTest" name="runScenario" time="10.348"/>
  <testcase classname="com.skillstorm.RunCucumberTest" name="runScenario" time="15.126"/>
  <testcase classname="com.skillstorm.RunCucumberTest" name="runScenario" time="16.450"/>
  <testcase classname="com.skillstorm.RunCucumberTest" name="runScenario" time="11.933"/>
  <testcase classname="com.skillstorm.RunCucumberTest" name="runScenario" time="16.817"/>
  <testcase classname="com.skillstorm.RunCucumberTest" name="runScenario" time="10.313"/>
  <testcase classname="com.skillstorm.RunCucumberTest" name="runScenario" time="11.203"/>
  <testcase classname="com.skillstorm.RunCucumberTest" name="runScenario" time="8.093"/>
  <testcase classname="com.skillstorm.RunCucumberTest" name="runScenario" time="13.603"/>
  <testcase classname="com.skillstorm.RunCucumberTest" name="runScenario" time="13.072"/>
  <testcase classname="com.skillstorm.RunCucumberTest" name="runScenario" time="10.290"/>
  <testcase classname="com.skillstorm.RunCucumberTest" name="runScenario" time="9.125"/>
  <testcase classname="com.skillstorm.RunCucumberTest" name="runScenario" time="16.658"/>
  <testcase classname="com.skillstorm.RunCucumberTest" name="runScenario" time="9.180"/>
  <testcase classname="com.skillstorm.RunCucumberTest" name="runScenario" time="9.941"/>
  <testcase classname="com.skillstorm.RunCucumberTest" name="runScenario" time="10.218"/>
  <testcase classname="com.skillstorm.RunCucumberTest" name="runScenario" time="12.356"/>
  <testcase classname="com.skillstorm.RunCucumberTest" name="runScenario" time="11.453"/>
  <testcase classname="com.skillstorm.RunCucumberTest" name="runScenario" time="14.213"/>
  <testcase classname="com.skillstorm.RunCucumberTest" name="runScenario" time="8.180"/>
  <testcase classname="com.skillstorm.RunCucumberTest" name="runScenario" time="12.982"/>
  <testcase classname="com.skillstorm.RunCucumberTest" name="runScenario" time="8.084"/>
  <testcase classname="com.skillstorm.RunCucumberTest" name="runScenario" time="14.222"/>
  <testcase classname="com.skillstorm.RunCucumberTest" name="runScenario" time="11.372"/>
  <testcase classname="com.skillstorm.RunCucumberTest" name="runScenario" time="8.137"/>
  <testcase classname="com.skillstorm.RunCucumberTest" name="runScenario" time="14.126"/>
  <testcase classname="com.skillstorm.RunCucumberTest" name="runScenario" time="10.223"/>
  <testcase classname="com.skillstorm.RunCucumberTest" name="runScenario" time="8.126"/>
  <testcase classname="com.skillstorm.RunCucumberTest" name="runScenario" time="12.964"/>
  <testcase classname="com.skillstorm.RunCucumberTest" name="runScenario" time="16.715"/>
  <testcase classname="com.skillstorm.RunCucumberTest" name="runScenario" time="12.094"/>
  <testcase classname="com.skillstorm.RunCucumberTest" name="runScenario" time="16.345"/>
  <testcase classname="com.skillstorm.RunCucumberTest" name="runScenario" time="9.385"/>
  <testcase classname="com.skillstorm.RunCucumberTest" name="runScenario" time="10.090"/>
  <testcase classname="com.skillstorm.RunCucumberTest" name="runScenario" time="8.112"/>
  <testcase classname="com.skillstorm.RunCucumberTest" name="runScenario" time="7.081"/>
  <testcase classname="com.skillstorm.RunCucumberTest" name="runScenario" time="9.101"/>
  <testcase classname="com.skillstorm.RunCucumberTest" name="runScenario" time="12.382"/>
  <testcase classname="com.skillstorm.RunCucumberTest" name="runScenario" time="13.456"/>
  <testcase classname="com.skillstorm.RunCucumberTest" name="runScenario" time="13.992"/>
  <testcase classname="com.skillstorm.RunCucumberTest" name="runScenario" time="11.940"/>
  <testcase classname="com.skillstorm.RunCucumberTest" name="runScenario" time="12.407"/>
  <testcase classname="com.skillstorm.RunCucumberTest" name="runScenario" time="14.135"/>
  <testcase classname="com.skillstorm.RunCucumberTest" name="runScenario" time="8.182"/>
  <testcase classname="com.skillstorm.RunCucumberTest" name="runScenario" time="8.105"/>
  <testcase classname="com.skillstorm.RunCucumberTest" name="runScenario" time="13.560"/>
  <testcase classname="com.skillstorm.RunCucumberTest" name="runScenario" time="14.184"/>
  <testcase classname="com.skillstorm.RunCucumberTest" name="runScenario" time="16.591"/>
  <testcase classname="com.skillstorm.RunCucumberTest" name="runScenario" time="8.254"/>
  <testcase classname="com.skillstorm.RunCucumberTest" name="runScenario" time="13.608"/>
  <testcase classname="com.skillstorm.RunCucumberTest" name="runScenario" time="13.877"/>
  <testcase classname="com.skillstorm.RunCucumberTest" name="runScenario" time="8.190"/>
  <testcase classname="com.skillstorm.RunCucumberTest" name="runScenario" time="9.077"/>
  <testcase classname="com.skillstorm.RunCucumberTest" name="runScenario" time="9.274"/>
  <testcase classname="com.skillstorm.RunCucumberTest" name="runScenario" time="13.605"/>
  <testcase classname="com.skillstorm.RunCucumberTest" name="runScenario" time="10.451"/>
  <testcase classname="com.skillstorm.RunCucumberTest" name="runScenario" time="15.931"/>
  <testcase classname="com.skillstorm.RunCucumberTest" name="runScenario" time="13.150"/>
  <testcase classname="com.skillstorm.RunCucumberTest" name="runScenario" time="13.589"/>
  <testcase classname="com.skillstorm.RunCucumberTest" name="runScenario" time="12.363"/>
  <testcase classname="com.skillstorm.RunCucumberTest" name="runScenario" time="16.489"/>
  <testcase classname="com.skillstorm.RunCucumberTest" name="runScenario" time="16.546"/>
</testsuite> <!-- com.skillstorm.RunCucumberTest -->
