<?xml version="1.0" encoding="UTF-8"?>
<!-- Generated by org.testng.reporters.JUnitReportReporter -->
<testsuite hostname="DJs-MacBook-Pro" failures="0" tests="83" name="com.skillstorm.RunCucumberTest" time="1006.720" errors="0" timestamp="2024-09-05T16:24:57 EDT" skipped="0">
  <testcase classname="com.skillstorm.RunCucumberTest" name="runScenario" time="10.115"/>
  <testcase classname="com.skillstorm.RunCucumberTest" name="runScenario" time="11.885"/>
  <testcase classname="com.skillstorm.RunCucumberTest" name="runScenario" time="12.407"/>
  <testcase classname="com.skillstorm.RunCucumberTest" name="runScenario" time="13.531"/>
  <testcase classname="com.skillstorm.RunCucumberTest" name="runScenario" time="9.457"/>
  <testcase classname="com.skillstorm.RunCucumberTest" name="runScenario" time="12.413"/>
  <testcase classname="com.skillstorm.RunCucumberTest" name="runScenario" time="14.297"/>
  <testcase classname="com.skillstorm.RunCucumberTest" name="runScenario" time="12.342"/>
  <testcase classname="com.skillstorm.RunCucumberTest" name="runScenario" time="16.616"/>
  <testcase classname="com.skillstorm.RunCucumberTest" name="runScenario" time="16.670"/>
  <testcase classname="com.skillstorm.RunCucumberTest" name="runScenario" time="8.079"/>
  <testcase classname="com.skillstorm.RunCucumberTest" name="runScenario" time="9.042"/>
  <testcase classname="com.skillstorm.RunCucumberTest" name="runScenario" time="13.645"/>
  <testcase classname="com.skillstorm.RunCucumberTest" name="runScenario" time="14.212"/>
  <testcase classname="com.skillstorm.RunCucumberTest" name="runScenario" time="10.102"/>
  <testcase classname="com.skillstorm.RunCucumberTest" name="runScenario" time="16.615"/>
  <testcase classname="com.skillstorm.RunCucumberTest" name="runScenario" time="13.661"/>
  <testcase classname="com.skillstorm.RunCucumberTest" name="runScenario" time="12.539"/>
  <testcase classname="com.skillstorm.RunCucumberTest" name="runScenario" time="8.051"/>
  <testcase classname="com.skillstorm.RunCucumberTest" name="runScenario" time="8.113"/>
  <testcase classname="com.skillstorm.RunCucumberTest" name="runScenario" time="10.098"/>
  <testcase classname="com.skillstorm.RunCucumberTest" name="runScenario" time="10.131"/>
  <testcase classname="com.skillstorm.RunCucumberTest" name="runScenario" time="14.215"/>
  <testcase classname="com.skillstorm.RunCucumberTest" name="runScenario" time="8.178"/>
  <testcase classname="com.skillstorm.RunCucumberTest" name="runScenario" time="12.517"/>
  <testcase classname="com.skillstorm.RunCucumberTest" name="runScenario" time="16.481"/>
  <testcase classname="com.skillstorm.RunCucumberTest" name="runScenario" time="12.382"/>
  <testcase classname="com.skillstorm.RunCucumberTest" name="runScenario" time="13.607"/>
  <testcase classname="com.skillstorm.RunCucumberTest" name="runScenario" time="8.105"/>
  <testcase classname="com.skillstorm.RunCucumberTest" name="runScenario" time="14.136"/>
  <testcase classname="com.skillstorm.RunCucumberTest" name="runScenario" time="11.329"/>
  <testcase classname="com.skillstorm.RunCucumberTest" name="runScenario" time="8.142"/>
  <testcase classname="com.skillstorm.RunCucumberTest" name="runScenario" time="11.884"/>
  <testcase classname="com.skillstorm.RunCucumberTest" name="runScenario" time="10.077"/>
  <testcase classname="com.skillstorm.RunCucumberTest" name="runScenario" time="9.063"/>
  <testcase classname="com.skillstorm.RunCucumberTest" name="runScenario" time="14.290"/>
  <testcase classname="com.skillstorm.RunCucumberTest" name="runScenario" time="8.011"/>
  <testcase classname="com.skillstorm.RunCucumberTest" name="runScenario" time="10.184"/>
  <testcase classname="com.skillstorm.RunCucumberTest" name="runScenario" time="10.119"/>
  <testcase classname="com.skillstorm.RunCucumberTest" name="runScenario" time="8.112"/>
  <testcase classname="com.skillstorm.RunCucumberTest" name="runScenario" time="13.584"/>
  <testcase classname="com.skillstorm.RunCucumberTest" name="runScenario" time="13.869"/>
  <testcase classname="com.skillstorm.RunCucumberTest" name="runScenario" time="16.480"/>
  <testcase classname="com.skillstorm.RunCucumberTest" name="runScenario" time="16.525"/>
  <testcase classname="com.skillstorm.RunCucumberTest" name="runScenario" time="12.956"/>
  <testcase classname="com.skillstorm.RunCucumberTest" name="runScenario" time="11.237"/>
  <testcase classname="com.skillstorm.RunCucumberTest" name="runScenario" time="16.323"/>
  <testcase classname="com.skillstorm.RunCucumberTest" name="runScenario" time="12.065"/>
  <testcase classname="com.skillstorm.RunCucumberTest" name="runScenario" time="8.132"/>
  <testcase classname="com.skillstorm.RunCucumberTest" name="runScenario" time="16.549"/>
  <testcase classname="com.skillstorm.RunCucumberTest" name="runScenario" time="14.279"/>
  <testcase classname="com.skillstorm.RunCucumberTest" name="runScenario" time="9.196"/>
  <testcase classname="com.skillstorm.RunCucumberTest" name="runScenario" time="16.461"/>
  <testcase classname="com.skillstorm.RunCucumberTest" name="runScenario" time="13.010"/>
  <testcase classname="com.skillstorm.RunCucumberTest" name="runScenario" time="9.190"/>
  <testcase classname="com.skillstorm.RunCucumberTest" name="runScenario" time="13.592"/>
  <testcase classname="com.skillstorm.RunCucumberTest" name="runScenario" time="13.489"/>
  <testcase classname="com.skillstorm.RunCucumberTest" name="runScenario" time="16.545"/>
  <testcase classname="com.skillstorm.RunCucumberTest" name="runScenario" time="10.051"/>
  <testcase classname="com.skillstorm.RunCucumberTest" name="runScenario" time="14.211"/>
  <testcase classname="com.skillstorm.RunCucumberTest" name="runScenario" time="14.122"/>
  <testcase classname="com.skillstorm.RunCucumberTest" name="runScenario" time="10.306"/>
  <testcase classname="com.skillstorm.RunCucumberTest" name="runScenario" time="8.138"/>
  <testcase classname="com.skillstorm.RunCucumberTest" name="runScenario" time="9.395"/>
  <testcase classname="com.skillstorm.RunCucumberTest" name="runScenario" time="13.557"/>
  <testcase classname="com.skillstorm.RunCucumberTest" name="runScenario" time="15.155"/>
  <testcase classname="com.skillstorm.RunCucumberTest" name="runScenario" time="14.348"/>
  <testcase classname="com.skillstorm.RunCucumberTest" name="runScenario" time="13.040"/>
  <testcase classname="com.skillstorm.RunCucumberTest" name="runScenario" time="12.538"/>
  <testcase classname="com.skillstorm.RunCucumberTest" name="runScenario" time="13.620"/>
  <testcase classname="com.skillstorm.RunCucumberTest" name="runScenario" time="8.022"/>
  <testcase classname="com.skillstorm.RunCucumberTest" name="runScenario" time="8.015"/>
  <testcase classname="com.skillstorm.RunCucumberTest" name="runScenario" time="16.679"/>
  <testcase classname="com.skillstorm.RunCucumberTest" name="runScenario" time="9.289"/>
  <testcase classname="com.skillstorm.RunCucumberTest" name="runScenario" time="12.930"/>
  <testcase classname="com.skillstorm.RunCucumberTest" name="runScenario" time="8.945"/>
  <testcase classname="com.skillstorm.RunCucumberTest" name="runScenario" time="11.357"/>
  <testcase classname="com.skillstorm.RunCucumberTest" name="runScenario" time="15.491"/>
  <testcase classname="com.skillstorm.RunCucumberTest" name="runScenario" time="14.271"/>
  <testcase classname="com.skillstorm.RunCucumberTest" name="runScenario" time="11.241"/>
  <testcase classname="com.skillstorm.RunCucumberTest" name="runScenario" time="10.151"/>
  <testcase classname="com.skillstorm.RunCucumberTest" name="runScenario" time="7.004"/>
  <testcase classname="com.skillstorm.RunCucumberTest" name="runScenario" time="16.509"/>
</testsuite> <!-- com.skillstorm.RunCucumberTest -->
