<?xml version="1.0" encoding="UTF-8"?>
<!-- Generated by org.testng.reporters.JUnitReportReporter -->
<testsuite hostname="DJs-MacBook-Pro" failures="0" tests="1" name="com.skillstorm.RunCucumberTest" time="11.928" errors="0" timestamp="2024-09-06T14:23:49 EDT" skipped="0">
  <testcase classname="com.skillstorm.RunCucumberTest" name="runScenario" time="11.928"/>
</testsuite> <!-- com.skillstorm.RunCucumberTest -->
