<?xml version="1.0" encoding="UTF-8"?>
<!-- Generated by org.testng.reporters.JUnitReportReporter -->
<testsuite hostname="DJs-MacBook-Pro" failures="0" tests="12" name="com.skillstorm.RunCucumberTest" time="138.372" errors="0" timestamp="2024-09-04T15:06:13 EDT" skipped="0">
  <testcase classname="com.skillstorm.RunCucumberTest" name="runScenario" time="13.302"/>
  <testcase classname="com.skillstorm.RunCucumberTest" name="runScenario" time="9.129"/>
  <testcase classname="com.skillstorm.RunCucumberTest" name="runScenario" time="11.266"/>
  <testcase classname="com.skillstorm.RunCucumberTest" name="runScenario" time="11.255"/>
  <testcase classname="com.skillstorm.RunCucumberTest" name="runScenario" time="13.393"/>
  <testcase classname="com.skillstorm.RunCucumberTest" name="runScenario" time="11.394"/>
  <testcase classname="com.skillstorm.RunCucumberTest" name="runScenario" time="12.392"/>
  <testcase classname="com.skillstorm.RunCucumberTest" name="runScenario" time="12.348"/>
  <testcase classname="com.skillstorm.RunCucumberTest" name="runScenario" time="8.071"/>
  <testcase classname="com.skillstorm.RunCucumberTest" name="runScenario" time="12.316"/>
  <testcase classname="com.skillstorm.RunCucumberTest" name="runScenario" time="12.409"/>
  <testcase classname="com.skillstorm.RunCucumberTest" name="runScenario" time="11.097"/>
</testsuite> <!-- com.skillstorm.RunCucumberTest -->
